<?xml version="1.0" encoding="utf-8"?>
<test-run id="2" testcasecount="15" result="Passed" total="15" passed="15" failed="0" inconclusive="0" skipped="0" asserts="0" engine-version="3.5.0.0" clr-version="4.0.30319.42000" start-time="2026-08-21 13:24:37Z" end-time="2026-08-21 13:24:46Z" duration="8.6065774">
  <test-suite type="TestSuite" id="1024" name="Steppe" fullname="Steppe" runstate="Runnable" testcasecount="15" result="Passed" start-time="2026-08-21 13:24:37Z" end-time="2026-08-21 13:24:46Z" duration="8.606577" total="15" passed="15" failed="0" inconclusive="0" skipped="0" asserts="0">
    <properties>
      <property name="platform" value="PlayMode" />
    </properties>
    <test-suite type="Assembly" id="1018" name="Steppe.Tests.PlayMode.dll" fullname="C:/Projects/Steppe/Steppe/Library/ScriptAssemblies/Steppe.Tests.PlayMode.dll" runstate="Runnable" testcasecount="15" result="Passed" start-time="2026-08-21 13:24:37Z" end-time="2026-08-21 13:24:46Z" duration="8.585266" total="15" passed="15" failed="0" inconclusive="0" skipped="0" asserts="0">
      <properties>
        <property name="_PID" value="27452" />
        <property name="_APPDOMAIN" value="Unity Child Domain" />
        <property name="platform" value="PlayMode" />
        <property name="EditorOnly" value="False" />
      </properties>
      <test-suite type="TestSuite" id="1019" name="Steppe" fullname="Steppe" runstate="Runnable" testcasecount="15" result="Passed" start-time="2026-08-21 13:24:37Z" end-time="2026-08-21 13:24:46Z" duration="8.551672" total="15" passed="15" failed="0" inconclusive="0" skipped="0" asserts="0">
        <properties />
        <test-suite type="TestSuite" id="1020" name="Tests" fullname="Steppe.Tests" runstate="Runnable" testcasecount="15" result="Passed" start-time="2026-08-21 13:24:37Z" end-time="2026-08-21 13:24:46Z" duration="8.513445" total="15" passed="15" failed="0" inconclusive="0" skipped="0" asserts="0">
          <properties />
          <test-suite type="TestFixture" id="1001" name="P0RuntimeSmokeTests" fullname="Steppe.Tests.P0RuntimeSmokeTests" classname="Steppe.Tests.P0RuntimeSmokeTests" runstate="Runnable" testcasecount="14" result="Passed" start-time="2026-08-21 13:24:37Z" end-time="2026-08-21 13:24:46Z" duration="8.298002" total="14" passed="14" failed="0" inconclusive="0" skipped="0" asserts="0">
            <properties />
            <test-case id="1002" name="PrototypeCreatesPhysicalCaravanKeeperAndStreamsTerrain" fullname="Steppe.Tests.P0RuntimeSmokeTests.PrototypeCreatesPhysicalCaravanKeeperAndStreamsTerrain" methodname="PrototypeCreatesPhysicalCaravanKeeperAndStreamsTerrain" classname="Steppe.Tests.P0RuntimeSmokeTests" runstate="Runnable" seed="383356794" result="Passed" start-time="2026-08-21 13:24:37Z" end-time="2026-08-21 13:24:38Z" duration="0.587171" asserts="0">
              <properties>
                <property name="_JOINTYPE" value="UnityCombinatorial" />
                <property name="Order" value="-100" />
                <property name="retryIteration" value="0" />
                <property name="repeatIteration" value="0" />
              </properties>
            </test-case>
            <test-case id="1007" name="BuildModeConstructsAndPipesPoweredWaterCoolingLoop" fullname="Steppe.Tests.P0RuntimeSmokeTests.BuildModeConstructsAndPipesPoweredWaterCoolingLoop" methodname="BuildModeConstructsAndPipesPoweredWaterCoolingLoop" classname="Steppe.Tests.P0RuntimeSmokeTests" runstate="Runnable" seed="183498762" result="Passed" start-time="2026-08-21 13:24:38Z" end-time="2026-08-21 13:24:38Z" duration="0.162781" asserts="0">
              <properties>
                <property name="_JOINTYPE" value="UnityCombinatorial" />
                <property name="retryIteration" value="0" />
                <property name="repeatIteration" value="0" />
              </properties>
            </test-case>
            <test-case id="1005" name="BuildModeDismantlesModuleAndCleansItsNetworks" fullname="Steppe.Tests.P0RuntimeSmokeTests.BuildModeDismantlesModuleAndCleansItsNetworks" methodname="BuildModeDismantlesModuleAndCleansItsNetworks" classname="Steppe.Tests.P0RuntimeSmokeTests" runstate="Runnable" seed="1827040401" result="Passed" start-time="2026-08-21 13:24:38Z" end-time="2026-08-21 13:24:38Z" duration="0.145927" asserts="0">
              <properties>
                <property name="_JOINTYPE" value="UnityCombinatorial" />
                <property name="retryIteration" value="0" />
                <property name="repeatIteration" value="0" />
              </properties>
            </test-case>
            <test-case id="1004" name="BuildModeManuallyLaysAndRemovesElectricalCommunications" fullname="Steppe.Tests.P0RuntimeSmokeTests.BuildModeManuallyLaysAndRemovesElectricalCommunications" methodname="BuildModeManuallyLaysAndRemovesElectricalCommunications" classname="Steppe.Tests.P0RuntimeSmokeTests" runstate="Runnable" seed="1050385081" result="Passed" start-time="2026-08-21 13:24:38Z" end-time="2026-08-21 13:24:39Z" duration="0.140856" asserts="0">
              <properties>
                <property name="_JOINTYPE" value="UnityCombinatorial" />
                <property name="retryIteration" value="0" />
                <property name="repeatIteration" value="0" />
              </properties>
            </test-case>
            <test-case id="1010" name="ChassisMaintainsForwardGripDuringSustainedTurn" fullname="Steppe.Tests.P0RuntimeSmokeTests.ChassisMaintainsForwardGripDuringSustainedTurn" methodname="ChassisMaintainsForwardGripDuringSustainedTurn" classname="Steppe.Tests.P0RuntimeSmokeTests" runstate="Runnable" seed="26817879" result="Passed" start-time="2026-08-21 13:24:39Z" end-time="2026-08-21 13:24:45Z" duration="6.037837" asserts="0">
              <properties>
                <property name="_JOINTYPE" value="UnityCombinatorial" />
                <property name="retryIteration" value="0" />
                <property name="repeatIteration" value="0" />
              </properties>
            </test-case>
            <test-case id="1012" name="EcologyRetainsARecordAfterItLeavesTheActiveHorizon" fullname="Steppe.Tests.P0RuntimeSmokeTests.EcologyRetainsARecordAfterItLeavesTheActiveHorizon" methodname="EcologyRetainsARecordAfterItLeavesTheActiveHorizon" classname="Steppe.Tests.P0RuntimeSmokeTests" runstate="Runnable" seed="1845027002" result="Passed" start-time="2026-08-21 13:24:45Z" end-time="2026-08-21 13:24:45Z" duration="0.083005" asserts="0">
              <properties>
                <property name="_JOINTYPE" value="UnityCombinatorial" />
                <property name="retryIteration" value="0" />
                <property name="repeatIteration" value="0" />
              </properties>
            </test-case>
            <test-case id="1009" name="ElectricalNetworkRegistersAdditionalStorageAndConsumersAtRuntime" fullname="Steppe.Tests.P0RuntimeSmokeTests.ElectricalNetworkRegistersAdditionalStorageAndConsumersAtRuntime" methodname="ElectricalNetworkRegistersAdditionalStorageAndConsumersAtRuntime" classname="Steppe.Tests.P0RuntimeSmokeTests" runstate="Runnable" seed="1433747214" result="Passed" start-time="2026-08-21 13:24:45Z" end-time="2026-08-21 13:24:45Z" duration="0.110034" asserts="0">
              <properties>
                <property name="_JOINTYPE" value="UnityCombinatorial" />
                <property name="retryIteration" value="0" />
                <property name="repeatIteration" value="0" />
              </properties>
            </test-case>
            <test-case id="1008" name="EveryCatalogModuleConstructsAndResourceChainsOperate" fullname="Steppe.Tests.P0RuntimeSmokeTests.EveryCatalogModuleConstructsAndResourceChainsOperate" methodname="EveryCatalogModuleConstructsAndResourceChainsOperate" classname="Steppe.Tests.P0RuntimeSmokeTests" runstate="Runnable" seed="1022581456" result="Passed" start-time="2026-08-21 13:24:45Z" end-time="2026-08-21 13:24:45Z" duration="0.186308" asserts="0">
              <properties>
                <property name="_JOINTYPE" value="UnityCombinatorial" />
                <property name="retryIteration" value="0" />
                <property name="repeatIteration" value="0" />
              </properties>
            </test-case>
            <test-case id="1011" name="FirstPersonKeeperFollowsASettledMovingDeck" fullname="Steppe.Tests.P0RuntimeSmokeTests.FirstPersonKeeperFollowsASettledMovingDeck" methodname="FirstPersonKeeperFollowsASettledMovingDeck" classname="Steppe.Tests.P0RuntimeSmokeTests" runstate="Runnable" seed="1994875193" result="Passed" start-time="2026-08-21 13:24:45Z" end-time="2026-08-21 13:24:45Z" duration="0.156518" asserts="0">
              <properties>
                <property name="_JOINTYPE" value="UnityCombinatorial" />
                <property name="retryIteration" value="0" />
                <property name="repeatIteration" value="0" />
              </properties>
              <output><![CDATA[Setting linear velocity of a kinematic body is not supported.
]]></output>
            </test-case>
            <test-case id="1015" name="FloatingOriginPreservesAbsoluteFocusPosition" fullname="Steppe.Tests.P0RuntimeSmokeTests.FloatingOriginPreservesAbsoluteFocusPosition" methodname="FloatingOriginPreservesAbsoluteFocusPosition" classname="Steppe.Tests.P0RuntimeSmokeTests" runstate="Runnable" seed="1614151383" result="Passed" start-time="2026-08-21 13:24:45Z" end-time="2026-08-21 13:24:45Z" duration="0.115179" asserts="0">
              <properties>
                <property name="_JOINTYPE" value="UnityCombinatorial" />
                <property name="retryIteration" value="0" />
                <property name="repeatIteration" value="0" />
              </properties>
            </test-case>
            <test-case id="1013" name="NightRevealsMoonStarsAndWeakDirectionalLight" fullname="Steppe.Tests.P0RuntimeSmokeTests.NightRevealsMoonStarsAndWeakDirectionalLight" methodname="NightRevealsMoonStarsAndWeakDirectionalLight" classname="Steppe.Tests.P0RuntimeSmokeTests" runstate="Runnable" seed="2105489447" result="Passed" start-time="2026-08-21 13:24:45Z" end-time="2026-08-21 13:24:45Z" duration="0.149552" asserts="0">
              <properties>
                <property name="_JOINTYPE" value="UnityCombinatorial" />
                <property name="retryIteration" value="0" />
                <property name="repeatIteration" value="0" />
              </properties>
            </test-case>
            <test-case id="1006" name="SteeringSurvivesRemovingAndRebuildingElectricMotor" fullname="Steppe.Tests.P0RuntimeSmokeTests.SteeringSurvivesRemovingAndRebuildingElectricMotor" methodname="SteeringSurvivesRemovingAndRebuildingElectricMotor" classname="Steppe.Tests.P0RuntimeSmokeTests" runstate="Runnable" seed="1493513325" result="Passed" start-time="2026-08-21 13:24:45Z" end-time="2026-08-21 13:24:45Z" duration="0.153581" asserts="0">
              <properties>
                <property name="_JOINTYPE" value="UnityCombinatorial" />
                <property name="retryIteration" value="0" />
                <property name="repeatIteration" value="0" />
              </properties>
            </test-case>
            <test-case id="1014" name="WeatherMapPublishesVisibleWaterBearingClouds" fullname="Steppe.Tests.P0RuntimeSmokeTests.WeatherMapPublishesVisibleWaterBearingClouds" methodname="WeatherMapPublishesVisibleWaterBearingClouds" classname="Steppe.Tests.P0RuntimeSmokeTests" runstate="Runnable" seed="1959374778" result="Passed" start-time="2026-08-21 13:24:45Z" end-time="2026-08-21 13:24:46Z" duration="0.077177" asserts="0">
              <properties>
                <property name="_JOINTYPE" value="UnityCombinatorial" />
                <property name="retryIteration" value="0" />
                <property name="repeatIteration" value="0" />
              </properties>
            </test-case>
            <test-case id="1003" name="WeatherTimeTracksCanonicalClockAfterManualAdvance" fullname="Steppe.Tests.P0RuntimeSmokeTests.WeatherTimeTracksCanonicalClockAfterManualAdvance" methodname="WeatherTimeTracksCanonicalClockAfterManualAdvance" classname="Steppe.Tests.P0RuntimeSmokeTests" runstate="Runnable" seed="1111775118" result="Passed" start-time="2026-08-21 13:24:46Z" end-time="2026-08-21 13:24:46Z" duration="0.139435" asserts="0">
              <properties>
                <property name="_JOINTYPE" value="UnityCombinatorial" />
                <property name="retryIteration" value="0" />
                <property name="repeatIteration" value="0" />
              </properties>
            </test-case>
          </test-suite>
          <test-suite type="TestFixture" id="1016" name="WorldSimulationHostSmokeTests" fullname="Steppe.Tests.WorldSimulationHostSmokeTests" classname="Steppe.Tests.WorldSimulationHostSmokeTests" runstate="Runnable" testcasecount="1" result="Passed" start-time="2026-08-21 13:24:46Z" end-time="2026-08-21 13:24:46Z" duration="0.177006" total="1" passed="1" failed="0" inconclusive="0" skipped="0" asserts="0">
            <properties />
            <test-case id="1017" name="Host_PublishesAndAdvancesFiniteWorldSnapshot" fullname="Steppe.Tests.WorldSimulationHostSmokeTests.Host_PublishesAndAdvancesFiniteWorldSnapshot" methodname="Host_PublishesAndAdvancesFiniteWorldSnapshot" classname="Steppe.Tests.WorldSimulationHostSmokeTests" runstate="Runnable" seed="546834055" result="Passed" start-time="2026-08-21 13:24:46Z" end-time="2026-08-21 13:24:46Z" duration="0.141458" asserts="0">
              <properties>
                <property name="_JOINTYPE" value="UnityCombinatorial" />
                <property name="retryIteration" value="0" />
                <property name="repeatIteration" value="0" />
              </properties>
              <output><![CDATA[Saving results to: C:/Users/Kirill/AppData/LocalLow/DefaultCompany/Steppe\TestResults.xml
]]></output>
            </test-case>
          </test-suite>
        </test-suite>
      </test-suite>
    </test-suite>
  </test-suite>
</test-run>