<?xml version="1.0" encoding="utf-8"?>
<test-run id="2" testcasecount="9" result="Passed" total="9" passed="9" failed="0" inconclusive="0" skipped="0" asserts="0" engine-version="3.5.0.0" clr-version="4.0.30319.42000" start-time="2026-08-25 20:13:31Z" end-time="2026-08-25 20:13:31Z" duration="0.2487355">
  <test-suite type="TestSuite" id="1000" name="Steppe" fullname="Steppe" runstate="Runnable" testcasecount="147" result="Passed" start-time="2026-08-25 20:13:31Z" end-time="2026-08-25 20:13:31Z" duration="0.248736" total="9" passed="9" failed="0" inconclusive="0" skipped="0" asserts="0">
    <properties>
      <property name="platform" value="EditMode" />
    </properties>
    <test-suite type="Assembly" id="1162" name="Steppe.Tests.EditMode.dll" fullname="C:/Projects/Steppe/Steppe/Library/ScriptAssemblies/Steppe.Tests.EditMode.dll" runstate="Runnable" testcasecount="147" result="Passed" start-time="2026-08-25 20:13:31Z" end-time="2026-08-25 20:13:31Z" duration="0.235440" total="9" passed="9" failed="0" inconclusive="0" skipped="0" asserts="0">
      <properties>
        <property name="_PID" value="1320" />
        <property name="_APPDOMAIN" value="Unity Child Domain" />
        <property name="platform" value="EditMode" />
        <property name="EditorOnly" value="True" />
      </properties>
      <test-suite type="TestSuite" id="1163" name="Steppe" fullname="Steppe" runstate="Runnable" testcasecount="147" result="Passed" start-time="2026-08-25 20:13:31Z" end-time="2026-08-25 20:13:31Z" duration="0.231687" total="9" passed="9" failed="0" inconclusive="0" skipped="0" asserts="0">
        <properties />
        <test-suite type="TestSuite" id="1164" name="Tests" fullname="Steppe.Tests" runstate="Runnable" testcasecount="147" result="Passed" start-time="2026-08-25 20:13:31Z" end-time="2026-08-25 20:13:31Z" duration="0.107811" total="9" passed="9" failed="0" inconclusive="0" skipped="0" asserts="0">
          <properties />
          <test-suite type="TestFixture" id="1109" name="NaturalVisualCatalogTests" fullname="Steppe.Tests.NaturalVisualCatalogTests" classname="Steppe.Tests.NaturalVisualCatalogTests" runstate="Runnable" testcasecount="9" result="Passed" start-time="2026-08-25 20:13:31Z" end-time="2026-08-25 20:13:31Z" duration="0.103771" total="9" passed="9" failed="0" inconclusive="0" skipped="0" asserts="0">
            <properties />
            <test-case id="1114" name="DrainageTopologyPreservesDirectionAndBuildsRealConfluences" fullname="Steppe.Tests.NaturalVisualCatalogTests.DrainageTopologyPreservesDirectionAndBuildsRealConfluences" methodname="DrainageTopologyPreservesDirectionAndBuildsRealConfluences" classname="Steppe.Tests.NaturalVisualCatalogTests" runstate="Runnable" seed="816500170" result="Passed" start-time="2026-08-25 20:13:31Z" end-time="2026-08-25 20:13:31Z" duration="0.016309" asserts="0">
              <properties>
                <property name="retryIteration" value="0" />
                <property name="repeatIteration" value="0" />
              </properties>
            </test-case>
            <test-case id="1118" name="EveryGroundDetailKindBuildsNonEmptyUniqueTopology" fullname="Steppe.Tests.NaturalVisualCatalogTests.EveryGroundDetailKindBuildsNonEmptyUniqueTopology" methodname="EveryGroundDetailKindBuildsNonEmptyUniqueTopology" classname="Steppe.Tests.NaturalVisualCatalogTests" runstate="Runnable" seed="994004729" result="Passed" start-time="2026-08-25 20:13:31Z" end-time="2026-08-25 20:13:31Z" duration="0.013418" asserts="0">
              <properties>
                <property name="retryIteration" value="0" />
                <property name="repeatIteration" value="0" />
              </properties>
            </test-case>
            <test-case id="1110" name="EveryStateOwnsOneUniqueNaturalVisualChannel" fullname="Steppe.Tests.NaturalVisualCatalogTests.EveryStateOwnsOneUniqueNaturalVisualChannel" methodname="EveryStateOwnsOneUniqueNaturalVisualChannel" classname="Steppe.Tests.NaturalVisualCatalogTests" runstate="Runnable" seed="1123724346" result="Passed" start-time="2026-08-25 20:13:31Z" end-time="2026-08-25 20:13:31Z" duration="0.018400" asserts="0">
              <properties>
                <property name="retryIteration" value="0" />
                <property name="repeatIteration" value="0" />
              </properties>
            </test-case>
            <test-case id="1117" name="GroundDetailsUseElevenUniqueGeometryLanguagesAndCorrectOwners" fullname="Steppe.Tests.NaturalVisualCatalogTests.GroundDetailsUseElevenUniqueGeometryLanguagesAndCorrectOwners" methodname="GroundDetailsUseElevenUniqueGeometryLanguagesAndCorrectOwners" classname="Steppe.Tests.NaturalVisualCatalogTests" runstate="Runnable" seed="1173265869" result="Passed" start-time="2026-08-25 20:13:31Z" end-time="2026-08-25 20:13:31Z" duration="0.005618" asserts="0">
              <properties>
                <property name="retryIteration" value="0" />
                <property name="repeatIteration" value="0" />
              </properties>
            </test-case>
            <test-case id="1115" name="ProcessAtlasContainsAllNonCaravanFluxesAndEveryVectorExactlyOnce" fullname="Steppe.Tests.NaturalVisualCatalogTests.ProcessAtlasContainsAllNonCaravanFluxesAndEveryVectorExactlyOnce" methodname="ProcessAtlasContainsAllNonCaravanFluxesAndEveryVectorExactlyOnce" classname="Steppe.Tests.NaturalVisualCatalogTests" runstate="Runnable" seed="624197460" result="Passed" start-time="2026-08-25 20:13:31Z" end-time="2026-08-25 20:13:31Z" duration="0.021830" asserts="0">
              <properties>
                <property name="retryIteration" value="0" />
                <property name="repeatIteration" value="0" />
              </properties>
            </test-case>
            <test-case id="1113" name="RawPackingPreservesPhysicalUnitsAndSanitizesNonFiniteValues" fullname="Steppe.Tests.NaturalVisualCatalogTests.RawPackingPreservesPhysicalUnitsAndSanitizesNonFiniteValues" methodname="RawPackingPreservesPhysicalUnitsAndSanitizesNonFiniteValues" classname="Steppe.Tests.NaturalVisualCatalogTests" runstate="Runnable" seed="17691847" result="Passed" start-time="2026-08-25 20:13:31Z" end-time="2026-08-25 20:13:31Z" duration="0.000444" asserts="0">
              <properties>
                <property name="retryIteration" value="0" />
                <property name="repeatIteration" value="0" />
              </properties>
            </test-case>
            <test-case id="1111" name="RootWaterExclusivelyOwnsSoilBaseAlbedo" fullname="Steppe.Tests.NaturalVisualCatalogTests.RootWaterExclusivelyOwnsSoilBaseAlbedo" methodname="RootWaterExclusivelyOwnsSoilBaseAlbedo" classname="Steppe.Tests.NaturalVisualCatalogTests" runstate="Runnable" seed="1468867795" result="Passed" start-time="2026-08-25 20:13:31Z" end-time="2026-08-25 20:13:31Z" duration="0.000973" asserts="0">
              <properties>
                <property name="retryIteration" value="0" />
                <property name="repeatIteration" value="0" />
              </properties>
            </test-case>
            <test-case id="1112" name="SemanticPacksContainEveryStateExactlyOnce" fullname="Steppe.Tests.NaturalVisualCatalogTests.SemanticPacksContainEveryStateExactlyOnce" methodname="SemanticPacksContainEveryStateExactlyOnce" classname="Steppe.Tests.NaturalVisualCatalogTests" runstate="Runnable" seed="1842458557" result="Passed" start-time="2026-08-25 20:13:31Z" end-time="2026-08-25 20:13:31Z" duration="0.008777" asserts="0">
              <properties>
                <property name="retryIteration" value="0" />
                <property name="repeatIteration" value="0" />
              </properties>
            </test-case>
            <test-case id="1116" name="TerrainMaterialExposesNoSecondaryBaseColorControls" fullname="Steppe.Tests.NaturalVisualCatalogTests.TerrainMaterialExposesNoSecondaryBaseColorControls" methodname="TerrainMaterialExposesNoSecondaryBaseColorControls" classname="Steppe.Tests.NaturalVisualCatalogTests" runstate="Runnable" seed="1491241390" result="Passed" start-time="2026-08-25 20:13:31Z" end-time="2026-08-25 20:13:31Z" duration="0.003108" asserts="0">
              <properties>
                <property name="retryIteration" value="0" />
                <property name="repeatIteration" value="0" />
              </properties>
              <output><![CDATA[Saving results to: C:/Users/Kirill/AppData/LocalLow/DefaultCompany/Steppe\TestResults.xml
]]></output>
            </test-case>
          </test-suite>
        </test-suite>
      </test-suite>
    </test-suite>
  </test-suite>
</test-run>