<?xml version="1.0" encoding="utf-8"?>
<test-run id="2" testcasecount="136" result="Passed" total="136" passed="136" failed="0" inconclusive="0" skipped="0" asserts="0" engine-version="3.5.0.0" clr-version="4.0.30319.42000" start-time="2026-08-22 09:21:00Z" end-time="2026-08-22 09:21:00Z" duration="0.4196603">
  <test-suite type="TestSuite" id="1000" name="Steppe" fullname="Steppe" runstate="Runnable" testcasecount="136" result="Passed" start-time="2026-08-22 09:21:00Z" end-time="2026-08-22 09:21:00Z" duration="0.419660" total="136" passed="136" failed="0" inconclusive="0" skipped="0" asserts="0">
    <properties>
      <property name="platform" value="EditMode" />
    </properties>
    <test-suite type="Assembly" id="1150" name="Steppe.Tests.EditMode.dll" fullname="C:/Projects/Steppe/Steppe/Library/ScriptAssemblies/Steppe.Tests.EditMode.dll" runstate="Runnable" testcasecount="136" result="Passed" start-time="2026-08-22 09:21:00Z" end-time="2026-08-22 09:21:00Z" duration="0.412255" total="136" passed="136" failed="0" inconclusive="0" skipped="0" asserts="0">
      <properties>
        <property name="_PID" value="5632" />
        <property name="_APPDOMAIN" value="Unity Child Domain" />
        <property name="platform" value="EditMode" />
        <property name="EditorOnly" value="True" />
      </properties>
      <test-suite type="TestSuite" id="1151" name="Steppe" fullname="Steppe" runstate="Runnable" testcasecount="136" result="Passed" start-time="2026-08-22 09:21:00Z" end-time="2026-08-22 09:21:00Z" duration="0.410713" total="136" passed="136" failed="0" inconclusive="0" skipped="0" asserts="0">
        <properties />
        <test-suite type="TestSuite" id="1152" name="Tests" fullname="Steppe.Tests" runstate="Runnable" testcasecount="136" result="Passed" start-time="2026-08-22 09:21:00Z" end-time="2026-08-22 09:21:00Z" duration="0.409464" total="136" passed="136" failed="0" inconclusive="0" skipped="0" asserts="0">
          <properties />
          <test-suite type="TestFixture" id="1001" name="CaravanDomainModelTests" fullname="Steppe.Tests.CaravanDomainModelTests" classname="Steppe.Tests.CaravanDomainModelTests" runstate="Runnable" testcasecount="33" result="Passed" start-time="2026-08-22 09:21:00Z" end-time="2026-08-22 09:21:00Z" duration="0.045519" total="33" passed="33" failed="0" inconclusive="0" skipped="0" asserts="0">
            <properties />
            <test-case id="1037" name="BiomassModelClampsMoistureRateAndElapsedTime" fullname="Steppe.Tests.CaravanDomainModelTests.BiomassModelClampsMoistureRateAndElapsedTime" methodname="BiomassModelClampsMoistureRateAndElapsedTime" classname="Steppe.Tests.CaravanDomainModelTests" runstate="Runnable" seed="1908524794" result="Passed" start-time="2026-08-22 09:21:00Z" end-time="2026-08-22 09:21:00Z" duration="0.013166" asserts="0">
              <properties>
                <property name="retryIteration" value="0" />
                <property name="repeatIteration" value="0" />
              </properties>
            </test-case>
            <test-suite type="ParameterizedMethod" id="1023" name="ControlModelClampsAndMapsToOperatingLevel" fullname="Steppe.Tests.CaravanDomainModelTests.ControlModelClampsAndMapsToOperatingLevel" classname="Steppe.Tests.CaravanDomainModelTests" runstate="Runnable" testcasecount="5" result="Passed" start-time="2026-08-22 09:21:00Z" end-time="2026-08-22 09:21:00Z" duration="0.002925" total="5" passed="5" failed="0" inconclusive="0" skipped="0" asserts="0">
              <properties />
              <test-case id="1018" name="ControlModelClampsAndMapsToOperatingLevel(-2.0f,-1.0f,0.0f)" fullname="Steppe.Tests.CaravanDomainModelTests.ControlModelClampsAndMapsToOperatingLevel(-2.0f,-1.0f,0.0f)" methodname="ControlModelClampsAndMapsToOperatingLevel" classname="Steppe.Tests.CaravanDomainModelTests" runstate="Runnable" seed="659462316" result="Passed" start-time="2026-08-22 09:21:00Z" end-time="2026-08-22 09:21:00Z" duration="0.000590" asserts="0">
                <properties>
                  <property name="retryIteration" value="0" />
                  <property name="repeatIteration" value="0" />
                </properties>
              </test-case>
              <test-case id="1019" name="ControlModelClampsAndMapsToOperatingLevel(-1.0f,-1.0f,0.0f)" fullname="Steppe.Tests.CaravanDomainModelTests.ControlModelClampsAndMapsToOperatingLevel(-1.0f,-1.0f,0.0f)" methodname="ControlModelClampsAndMapsToOperatingLevel" classname="Steppe.Tests.CaravanDomainModelTests" runstate="Runnable" seed="946791740" result="Passed" start-time="2026-08-22 09:21:00Z" end-time="2026-08-22 09:21:00Z" duration="0.000093" asserts="0">
                <properties>
                  <property name="retryIteration" value="0" />
                  <property name="repeatIteration" value="0" />
                </properties>
              </test-case>
              <test-case id="1020" name="ControlModelClampsAndMapsToOperatingLevel(0.0f,0.0f,0.5f)" fullname="Steppe.Tests.CaravanDomainModelTests.ControlModelClampsAndMapsToOperatingLevel(0.0f,0.0f,0.5f)" methodname="ControlModelClampsAndMapsToOperatingLevel" classname="Steppe.Tests.CaravanDomainModelTests" runstate="Runnable" seed="1889388249" result="Passed" start-time="2026-08-22 09:21:00Z" end-time="2026-08-22 09:21:00Z" duration="0.000056" asserts="0">
                <properties>
                  <property name="retryIteration" value="0" />
                  <property name="repeatIteration" value="0" />
                </properties>
              </test-case>
              <test-case id="1021" name="ControlModelClampsAndMapsToOperatingLevel(1.0f,1.0f,1.0f)" fullname="Steppe.Tests.CaravanDomainModelTests.ControlModelClampsAndMapsToOperatingLevel(1.0f,1.0f,1.0f)" methodname="ControlModelClampsAndMapsToOperatingLevel" classname="Steppe.Tests.CaravanDomainModelTests" runstate="Runnable" seed="1408429157" result="Passed" start-time="2026-08-22 09:21:00Z" end-time="2026-08-22 09:21:00Z" duration="0.000050" asserts="0">
                <properties>
                  <property name="retryIteration" value="0" />
                  <property name="repeatIteration" value="0" />
                </properties>
              </test-case>
              <test-case id="1022" name="ControlModelClampsAndMapsToOperatingLevel(2.0f,1.0f,1.0f)" fullname="Steppe.Tests.CaravanDomainModelTests.ControlModelClampsAndMapsToOperatingLevel(2.0f,1.0f,1.0f)" methodname="ControlModelClampsAndMapsToOperatingLevel" classname="Steppe.Tests.CaravanDomainModelTests" runstate="Runnable" seed="1794655677" result="Passed" start-time="2026-08-22 09:21:00Z" end-time="2026-08-22 09:21:00Z" duration="0.000052" asserts="0">
                <properties>
                  <property name="retryIteration" value="0" />
                  <property name="repeatIteration" value="0" />
                </properties>
              </test-case>
            </test-suite>
            <test-suite type="ParameterizedMethod" id="1031" name="ControlModelMapsPumpDeadZone" fullname="Steppe.Tests.CaravanDomainModelTests.ControlModelMapsPumpDeadZone" classname="Steppe.Tests.CaravanDomainModelTests" runstate="Runnable" testcasecount="7" result="Passed" start-time="2026-08-22 09:21:00Z" end-time="2026-08-22 09:21:00Z" duration="0.004053" total="7" passed="7" failed="0" inconclusive="0" skipped="0" asserts="0">
              <properties />
              <test-case id="1024" name="ControlModelMapsPumpDeadZone(-1.0f,Extraction)" fullname="Steppe.Tests.CaravanDomainModelTests.ControlModelMapsPumpDeadZone(-1.0f,Extraction)" methodname="ControlModelMapsPumpDeadZone" classname="Steppe.Tests.CaravanDomainModelTests" runstate="Runnable" seed="1735217370" result="Passed" start-time="2026-08-22 09:21:00Z" end-time="2026-08-22 09:21:00Z" duration="0.001680" asserts="0">
                <properties>
                  <property name="retryIteration" value="0" />
                  <property name="repeatIteration" value="0" />
                </properties>
              </test-case>
              <test-case id="1025" name="ControlModelMapsPumpDeadZone(-0.251f,Extraction)" fullname="Steppe.Tests.CaravanDomainModelTests.ControlModelMapsPumpDeadZone(-0.251f,Extraction)" methodname="ControlModelMapsPumpDeadZone" classname="Steppe.Tests.CaravanDomainModelTests" runstate="Runnable" seed="1615404617" result="Passed" start-time="2026-08-22 09:21:00Z" end-time="2026-08-22 09:21:00Z" duration="0.000289" asserts="0">
                <properties>
                  <property name="retryIteration" value="0" />
                  <property name="repeatIteration" value="0" />
                </properties>
              </test-case>
              <test-case id="1026" name="ControlModelMapsPumpDeadZone(-0.25f,Off)" fullname="Steppe.Tests.CaravanDomainModelTests.ControlModelMapsPumpDeadZone(-0.25f,Off)" methodname="ControlModelMapsPumpDeadZone" classname="Steppe.Tests.CaravanDomainModelTests" runstate="Runnable" seed="356375526" result="Passed" start-time="2026-08-22 09:21:00Z" end-time="2026-08-22 09:21:00Z" duration="0.000155" asserts="0">
                <properties>
                  <property name="retryIteration" value="0" />
                  <property name="repeatIteration" value="0" />
                </properties>
              </test-case>
              <test-case id="1027" name="ControlModelMapsPumpDeadZone(0.0f,Off)" fullname="Steppe.Tests.CaravanDomainModelTests.ControlModelMapsPumpDeadZone(0.0f,Off)" methodname="ControlModelMapsPumpDeadZone" classname="Steppe.Tests.CaravanDomainModelTests" runstate="Runnable" seed="296471741" result="Passed" start-time="2026-08-22 09:21:00Z" end-time="2026-08-22 09:21:00Z" duration="0.000178" asserts="0">
                <properties>
                  <property name="retryIteration" value="0" />
                  <property name="repeatIteration" value="0" />
                </properties>
              </test-case>
              <test-case id="1028" name="ControlModelMapsPumpDeadZone(0.25f,Off)" fullname="Steppe.Tests.CaravanDomainModelTests.ControlModelMapsPumpDeadZone(0.25f,Off)" methodname="ControlModelMapsPumpDeadZone" classname="Steppe.Tests.CaravanDomainModelTests" runstate="Runnable" seed="1183917379" result="Passed" start-time="2026-08-22 09:21:00Z" end-time="2026-08-22 09:21:00Z" duration="0.000138" asserts="0">
                <properties>
                  <property name="retryIteration" value="0" />
                  <property name="repeatIteration" value="0" />
                </properties>
              </test-case>
              <test-case id="1029" name="ControlModelMapsPumpDeadZone(0.251f,Circulation)" fullname="Steppe.Tests.CaravanDomainModelTests.ControlModelMapsPumpDeadZone(0.251f,Circulation)" methodname="ControlModelMapsPumpDeadZone" classname="Steppe.Tests.CaravanDomainModelTests" runstate="Runnable" seed="937885231" result="Passed" start-time="2026-08-22 09:21:00Z" end-time="2026-08-22 09:21:00Z" duration="0.000146" asserts="0">
                <properties>
                  <property name="retryIteration" value="0" />
                  <property name="repeatIteration" value="0" />
                </properties>
              </test-case>
              <test-case id="1030" name="ControlModelMapsPumpDeadZone(1.0f,Circulation)" fullname="Steppe.Tests.CaravanDomainModelTests.ControlModelMapsPumpDeadZone(1.0f,Circulation)" methodname="ControlModelMapsPumpDeadZone" classname="Steppe.Tests.CaravanDomainModelTests" runstate="Runnable" seed="1520517295" result="Passed" start-time="2026-08-22 09:21:00Z" end-time="2026-08-22 09:21:00Z" duration="0.000101" asserts="0">
                <properties>
                  <property name="retryIteration" value="0" />
                  <property name="repeatIteration" value="0" />
                </properties>
              </test-case>
            </test-suite>
            <test-case id="1002" name="ElectricalCompatibilityIsSymmetricAndRequiresStorageEndpoint" fullname="Steppe.Tests.CaravanDomainModelTests.ElectricalCompatibilityIsSymmetricAndRequiresStorageEndpoint" methodname="ElectricalCompatibilityIsSymmetricAndRequiresStorageEndpoint" classname="Steppe.Tests.CaravanDomainModelTests" runstate="Runnable" seed="1487306210" result="Passed" start-time="2026-08-22 09:21:00Z" end-time="2026-08-22 09:21:00Z" duration="0.001339" asserts="0">
              <properties>
                <property name="retryIteration" value="0" />
                <property name="repeatIteration" value="0" />
              </properties>
            </test-case>
            <test-case id="1034" name="ElectricalModelClampsEnergyAtEmptyAndFullBoundaries" fullname="Steppe.Tests.CaravanDomainModelTests.ElectricalModelClampsEnergyAtEmptyAndFullBoundaries" methodname="ElectricalModelClampsEnergyAtEmptyAndFullBoundaries" classname="Steppe.Tests.CaravanDomainModelTests" runstate="Runnable" seed="1708519381" result="Passed" start-time="2026-08-22 09:21:00Z" end-time="2026-08-22 09:21:00Z" duration="0.000747" asserts="0">
              <properties>
                <property name="retryIteration" value="0" />
                <property name="repeatIteration" value="0" />
              </properties>
            </test-case>
            <test-case id="1035" name="ElectricalModelDoesNotMoveStoredEnergyAtZeroDuration" fullname="Steppe.Tests.CaravanDomainModelTests.ElectricalModelDoesNotMoveStoredEnergyAtZeroDuration" methodname="ElectricalModelDoesNotMoveStoredEnergyAtZeroDuration" classname="Steppe.Tests.CaravanDomainModelTests" runstate="Runnable" seed="1540459579" result="Passed" start-time="2026-08-22 09:21:00Z" end-time="2026-08-22 09:21:00Z" duration="0.000242" asserts="0">
              <properties>
                <property name="retryIteration" value="0" />
                <property name="repeatIteration" value="0" />
              </properties>
            </test-case>
            <test-suite type="ParameterizedMethod" id="1007" name="FluidCompatibilityAllowsEveryDeclaredPairInBothDirections" fullname="Steppe.Tests.CaravanDomainModelTests.FluidCompatibilityAllowsEveryDeclaredPairInBothDirections" classname="Steppe.Tests.CaravanDomainModelTests" runstate="Runnable" testcasecount="4" result="Passed" start-time="2026-08-22 09:21:00Z" end-time="2026-08-22 09:21:00Z" duration="0.001953" total="4" passed="4" failed="0" inconclusive="0" skipped="0" asserts="0">
              <properties />
              <test-case id="1003" name="FluidCompatibilityAllowsEveryDeclaredPairInBothDirections(ReservoirSupply,PumpInlet)" fullname="Steppe.Tests.CaravanDomainModelTests.FluidCompatibilityAllowsEveryDeclaredPairInBothDirections(ReservoirSupply,PumpInlet)" methodname="FluidCompatibilityAllowsEveryDeclaredPairInBothDirections" classname="Steppe.Tests.CaravanDomainModelTests" runstate="Runnable" seed="1723544736" result="Passed" start-time="2026-08-22 09:21:00Z" end-time="2026-08-22 09:21:00Z" duration="0.000947" asserts="0">
                <properties>
                  <property name="retryIteration" value="0" />
                  <property name="repeatIteration" value="0" />
                </properties>
              </test-case>
              <test-case id="1004" name="FluidCompatibilityAllowsEveryDeclaredPairInBothDirections(PumpOutlet,RadiatorInlet)" fullname="Steppe.Tests.CaravanDomainModelTests.FluidCompatibilityAllowsEveryDeclaredPairInBothDirections(PumpOutlet,RadiatorInlet)" methodname="FluidCompatibilityAllowsEveryDeclaredPairInBothDirections" classname="Steppe.Tests.CaravanDomainModelTests" runstate="Runnable" seed="176071223" result="Passed" start-time="2026-08-22 09:21:00Z" end-time="2026-08-22 09:21:00Z" duration="0.000112" asserts="0">
                <properties>
                  <property name="retryIteration" value="0" />
                  <property name="repeatIteration" value="0" />
                </properties>
              </test-case>
              <test-case id="1005" name="FluidCompatibilityAllowsEveryDeclaredPairInBothDirections(RadiatorOutlet,ReservoirReturn)" fullname="Steppe.Tests.CaravanDomainModelTests.FluidCompatibilityAllowsEveryDeclaredPairInBothDirections(RadiatorOutlet,ReservoirReturn)" methodname="FluidCompatibilityAllowsEveryDeclaredPairInBothDirections" classname="Steppe.Tests.CaravanDomainModelTests" runstate="Runnable" seed="274231330" result="Passed" start-time="2026-08-22 09:21:00Z" end-time="2026-08-22 09:21:00Z" duration="0.000077" asserts="0">
                <properties>
                  <property name="retryIteration" value="0" />
                  <property name="repeatIteration" value="0" />
                </properties>
              </test-case>
              <test-case id="1006" name="FluidCompatibilityAllowsEveryDeclaredPairInBothDirections(ThermalTap,ReservoirReturn)" fullname="Steppe.Tests.CaravanDomainModelTests.FluidCompatibilityAllowsEveryDeclaredPairInBothDirections(ThermalTap,ReservoirReturn)" methodname="FluidCompatibilityAllowsEveryDeclaredPairInBothDirections" classname="Steppe.Tests.CaravanDomainModelTests" runstate="Runnable" seed="1008391564" result="Passed" start-time="2026-08-22 09:21:00Z" end-time="2026-08-22 09:21:00Z" duration="0.000072" asserts="0">
                <properties>
                  <property name="retryIteration" value="0" />
                  <property name="repeatIteration" value="0" />
                </properties>
              </test-case>
            </test-suite>
            <test-case id="1008" name="FluidCompatibilityRejectsEveryUndeclaredPair" fullname="Steppe.Tests.CaravanDomainModelTests.FluidCompatibilityRejectsEveryUndeclaredPair" methodname="FluidCompatibilityRejectsEveryUndeclaredPair" classname="Steppe.Tests.CaravanDomainModelTests" runstate="Runnable" seed="60962803" result="Passed" start-time="2026-08-22 09:21:00Z" end-time="2026-08-22 09:21:00Z" duration="0.000498" asserts="0">
              <properties>
                <property name="retryIteration" value="0" />
                <property name="repeatIteration" value="0" />
              </properties>
            </test-case>
            <test-case id="1033" name="FuelModelClampsInvalidInputsAndOutput" fullname="Steppe.Tests.CaravanDomainModelTests.FuelModelClampsInvalidInputsAndOutput" methodname="FuelModelClampsInvalidInputsAndOutput" classname="Steppe.Tests.CaravanDomainModelTests" runstate="Runnable" seed="2136783186" result="Passed" start-time="2026-08-22 09:21:00Z" end-time="2026-08-22 09:21:00Z" duration="0.000445" asserts="0">
              <properties>
                <property name="retryIteration" value="0" />
                <property name="repeatIteration" value="0" />
              </properties>
            </test-case>
            <test-case id="1032" name="FuelModelRoundTripsRequestedEnginePower" fullname="Steppe.Tests.CaravanDomainModelTests.FuelModelRoundTripsRequestedEnginePower" methodname="FuelModelRoundTripsRequestedEnginePower" classname="Steppe.Tests.CaravanDomainModelTests" runstate="Runnable" seed="1609258340" result="Passed" start-time="2026-08-22 09:21:00Z" end-time="2026-08-22 09:21:00Z" duration="0.000220" asserts="0">
              <properties>
                <property name="retryIteration" value="0" />
                <property name="repeatIteration" value="0" />
              </properties>
            </test-case>
            <test-suite type="ParameterizedMethod" id="1015" name="MaterialCompatibilityAllowsEveryDeclaredPairInBothDirections" fullname="Steppe.Tests.CaravanDomainModelTests.MaterialCompatibilityAllowsEveryDeclaredPairInBothDirections" classname="Steppe.Tests.CaravanDomainModelTests" runstate="Runnable" testcasecount="6" result="Passed" start-time="2026-08-22 09:21:00Z" end-time="2026-08-22 09:21:00Z" duration="0.002352" total="6" passed="6" failed="0" inconclusive="0" skipped="0" asserts="0">
              <properties />
              <test-case id="1009" name="MaterialCompatibilityAllowsEveryDeclaredPairInBothDirections(Biomass,WetBiomassOutput,WetBiomassInput)" fullname="Steppe.Tests.CaravanDomainModelTests.MaterialCompatibilityAllowsEveryDeclaredPairInBothDirections(Biomass,WetBiomassOutput,WetBiomassInput)" methodname="MaterialCompatibilityAllowsEveryDeclaredPairInBothDirections" classname="Steppe.Tests.CaravanDomainModelTests" runstate="Runnable" seed="508016667" result="Passed" start-time="2026-08-22 09:21:00Z" end-time="2026-08-22 09:21:00Z" duration="0.000869" asserts="0">
                <properties>
                  <property name="retryIteration" value="0" />
                  <property name="repeatIteration" value="0" />
                </properties>
              </test-case>
              <test-case id="1010" name="MaterialCompatibilityAllowsEveryDeclaredPairInBothDirections(Biomass,DryBiomassOutput,DryBiomassInput)" fullname="Steppe.Tests.CaravanDomainModelTests.MaterialCompatibilityAllowsEveryDeclaredPairInBothDirections(Biomass,DryBiomassOutput,DryBiomassInput)" methodname="MaterialCompatibilityAllowsEveryDeclaredPairInBothDirections" classname="Steppe.Tests.CaravanDomainModelTests" runstate="Runnable" seed="244497470" result="Passed" start-time="2026-08-22 09:21:00Z" end-time="2026-08-22 09:21:00Z" duration="0.000124" asserts="0">
                <properties>
                  <property name="retryIteration" value="0" />
                  <property name="repeatIteration" value="0" />
                </properties>
              </test-case>
              <test-case id="1011" name="MaterialCompatibilityAllowsEveryDeclaredPairInBothDirections(Mechanical,MechanicalSource,TransmissionInput)" fullname="Steppe.Tests.CaravanDomainModelTests.MaterialCompatibilityAllowsEveryDeclaredPairInBothDirections(Mechanical,MechanicalSource,TransmissionInput)" methodname="MaterialCompatibilityAllowsEveryDeclaredPairInBothDirections" classname="Steppe.Tests.CaravanDomainModelTests" runstate="Runnable" seed="545540683" result="Passed" start-time="2026-08-22 09:21:00Z" end-time="2026-08-22 09:21:00Z" duration="0.000153" asserts="0">
                <properties>
                  <property name="retryIteration" value="0" />
                  <property name="repeatIteration" value="0" />
                </properties>
              </test-case>
              <test-case id="1012" name="MaterialCompatibilityAllowsEveryDeclaredPairInBothDirections(Mechanical,MechanicalSource,MechanicalConsumer)" fullname="Steppe.Tests.CaravanDomainModelTests.MaterialCompatibilityAllowsEveryDeclaredPairInBothDirections(Mechanical,MechanicalSource,MechanicalConsumer)" methodname="MaterialCompatibilityAllowsEveryDeclaredPairInBothDirections" classname="Steppe.Tests.CaravanDomainModelTests" runstate="Runnable" seed="1488477976" result="Passed" start-time="2026-08-22 09:21:00Z" end-time="2026-08-22 09:21:00Z" duration="0.000096" asserts="0">
                <properties>
                  <property name="retryIteration" value="0" />
                  <property name="repeatIteration" value="0" />
                </properties>
              </test-case>
              <test-case id="1013" name="MaterialCompatibilityAllowsEveryDeclaredPairInBothDirections(Mechanical,TransmissionOutput,MechanicalConsumer)" fullname="Steppe.Tests.CaravanDomainModelTests.MaterialCompatibilityAllowsEveryDeclaredPairInBothDirections(Mechanical,TransmissionOutput,MechanicalConsumer)" methodname="MaterialCompatibilityAllowsEveryDeclaredPairInBothDirections" classname="Steppe.Tests.CaravanDomainModelTests" runstate="Runnable" seed="661922949" result="Passed" start-time="2026-08-22 09:21:00Z" end-time="2026-08-22 09:21:00Z" duration="0.000092" asserts="0">
                <properties>
                  <property name="retryIteration" value="0" />
                  <property name="repeatIteration" value="0" />
                </properties>
              </test-case>
              <test-case id="1014" name="MaterialCompatibilityAllowsEveryDeclaredPairInBothDirections(Mechanical,CouplingEndpoint,CouplingEndpoint)" fullname="Steppe.Tests.CaravanDomainModelTests.MaterialCompatibilityAllowsEveryDeclaredPairInBothDirections(Mechanical,CouplingEndpoint,CouplingEndpoint)" methodname="MaterialCompatibilityAllowsEveryDeclaredPairInBothDirections" classname="Steppe.Tests.CaravanDomainModelTests" runstate="Runnable" seed="864512709" result="Passed" start-time="2026-08-22 09:21:00Z" end-time="2026-08-22 09:21:00Z" duration="0.000089" asserts="0">
                <properties>
                  <property name="retryIteration" value="0" />
                  <property name="repeatIteration" value="0" />
                </properties>
              </test-case>
            </test-suite>
            <test-case id="1016" name="MaterialCompatibilityRejectsCrossNetworkAndUndeclaredPairs" fullname="Steppe.Tests.CaravanDomainModelTests.MaterialCompatibilityRejectsCrossNetworkAndUndeclaredPairs" methodname="MaterialCompatibilityRejectsCrossNetworkAndUndeclaredPairs" classname="Steppe.Tests.CaravanDomainModelTests" runstate="Runnable" seed="969504583" result="Passed" start-time="2026-08-22 09:21:00Z" end-time="2026-08-22 09:21:00Z" duration="0.000290" asserts="0">
              <properties>
                <property name="retryIteration" value="0" />
                <property name="repeatIteration" value="0" />
              </properties>
            </test-case>
            <test-case id="1017" name="MaterialRolesMapToOneStableNetworkKind" fullname="Steppe.Tests.CaravanDomainModelTests.MaterialRolesMapToOneStableNetworkKind" methodname="MaterialRolesMapToOneStableNetworkKind" classname="Steppe.Tests.CaravanDomainModelTests" runstate="Runnable" seed="1510154694" result="Passed" start-time="2026-08-22 09:21:00Z" end-time="2026-08-22 09:21:00Z" duration="0.002336" asserts="0">
              <properties>
                <property name="retryIteration" value="0" />
                <property name="repeatIteration" value="0" />
              </properties>
            </test-case>
            <test-case id="1038" name="RopeModelClampsNegativeParametersAndBreaksOnlyAboveLimit" fullname="Steppe.Tests.CaravanDomainModelTests.RopeModelClampsNegativeParametersAndBreaksOnlyAboveLimit" methodname="RopeModelClampsNegativeParametersAndBreaksOnlyAboveLimit" classname="Steppe.Tests.CaravanDomainModelTests" runstate="Runnable" seed="178227653" result="Passed" start-time="2026-08-22 09:21:00Z" end-time="2026-08-22 09:21:00Z" duration="0.000351" asserts="0">
              <properties>
                <property name="retryIteration" value="0" />
                <property name="repeatIteration" value="0" />
              </properties>
            </test-case>
            <test-case id="1036" name="WaterModelCannotCoolBelowAmbient" fullname="Steppe.Tests.CaravanDomainModelTests.WaterModelCannotCoolBelowAmbient" methodname="WaterModelCannotCoolBelowAmbient" classname="Steppe.Tests.CaravanDomainModelTests" runstate="Runnable" seed="2117043689" result="Passed" start-time="2026-08-22 09:21:00Z" end-time="2026-08-22 09:21:00Z" duration="0.001613" asserts="0">
              <properties>
                <property name="retryIteration" value="0" />
                <property name="repeatIteration" value="0" />
              </properties>
            </test-case>
          </test-suite>
          <test-suite type="TestFixture" id="1039" name="CaravanModuleBehaviorTests" fullname="Steppe.Tests.CaravanModuleBehaviorTests" classname="Steppe.Tests.CaravanModuleBehaviorTests" runstate="Runnable" testcasecount="23" result="Passed" start-time="2026-08-22 09:21:00Z" end-time="2026-08-22 09:21:00Z" duration="0.049562" total="23" passed="23" failed="0" inconclusive="0" skipped="0" asserts="0">
            <properties />
            <test-case id="1046" name="BatteryHonoursPowerLimitsEfficienciesAndCapacity" fullname="Steppe.Tests.CaravanModuleBehaviorTests.BatteryHonoursPowerLimitsEfficienciesAndCapacity" methodname="BatteryHonoursPowerLimitsEfficienciesAndCapacity" classname="Steppe.Tests.CaravanModuleBehaviorTests" runstate="Runnable" seed="748203880" result="Passed" start-time="2026-08-22 09:21:00Z" end-time="2026-08-22 09:21:00Z" duration="0.009370" asserts="0">
              <properties>
                <property name="retryIteration" value="0" />
                <property name="repeatIteration" value="0" />
              </properties>
            </test-case>
            <test-case id="1060" name="BatteryPortDefaultsToDistributionCapacity" fullname="Steppe.Tests.CaravanModuleBehaviorTests.BatteryPortDefaultsToDistributionCapacity" methodname="BatteryPortDefaultsToDistributionCapacity" classname="Steppe.Tests.CaravanModuleBehaviorTests" runstate="Runnable" seed="454847139" result="Passed" start-time="2026-08-22 09:21:00Z" end-time="2026-08-22 09:21:00Z" duration="0.002411" asserts="0">
              <properties>
                <property name="retryIteration" value="0" />
                <property name="repeatIteration" value="0" />
              </properties>
            </test-case>
            <test-case id="1055" name="BiofuelEngineRequiresControlThrottleCouplingAndFuel" fullname="Steppe.Tests.CaravanModuleBehaviorTests.BiofuelEngineRequiresControlThrottleCouplingAndFuel" methodname="BiofuelEngineRequiresControlThrottleCouplingAndFuel" classname="Steppe.Tests.CaravanModuleBehaviorTests" runstate="Runnable" seed="1505338465" result="Passed" start-time="2026-08-22 09:21:00Z" end-time="2026-08-22 09:21:00Z" duration="0.002032" asserts="0">
              <properties>
                <property name="retryIteration" value="0" />
                <property name="repeatIteration" value="0" />
              </properties>
            </test-case>
            <test-case id="1054" name="BiofurnaceConvertsExactlyRequestedFuelAndRespectsDamage" fullname="Steppe.Tests.CaravanModuleBehaviorTests.BiofurnaceConvertsExactlyRequestedFuelAndRespectsDamage" methodname="BiofurnaceConvertsExactlyRequestedFuelAndRespectsDamage" classname="Steppe.Tests.CaravanModuleBehaviorTests" runstate="Runnable" seed="277206435" result="Passed" start-time="2026-08-22 09:21:00Z" end-time="2026-08-22 09:21:00Z" duration="0.002285" asserts="0">
              <properties>
                <property name="retryIteration" value="0" />
                <property name="repeatIteration" value="0" />
              </properties>
            </test-case>
            <test-case id="1053" name="BiomassStorageAcceptsAndSuppliesWithoutCreatingMatter" fullname="Steppe.Tests.CaravanModuleBehaviorTests.BiomassStorageAcceptsAndSuppliesWithoutCreatingMatter" methodname="BiomassStorageAcceptsAndSuppliesWithoutCreatingMatter" classname="Steppe.Tests.CaravanModuleBehaviorTests" runstate="Runnable" seed="1657516850" result="Passed" start-time="2026-08-22 09:21:00Z" end-time="2026-08-22 09:21:00Z" duration="0.001471" asserts="0">
              <properties>
                <property name="retryIteration" value="0" />
                <property name="repeatIteration" value="0" />
              </properties>
            </test-case>
            <test-case id="1043" name="ConstructionCatalogueProvidesRussianNamesAndDescriptions" fullname="Steppe.Tests.CaravanModuleBehaviorTests.ConstructionCatalogueProvidesRussianNamesAndDescriptions" methodname="ConstructionCatalogueProvidesRussianNamesAndDescriptions" classname="Steppe.Tests.CaravanModuleBehaviorTests" runstate="Runnable" seed="931551883" result="Passed" start-time="2026-08-22 09:21:00Z" end-time="2026-08-22 09:21:00Z" duration="0.002468" asserts="0">
              <properties>
                <property name="retryIteration" value="0" />
                <property name="repeatIteration" value="0" />
              </properties>
            </test-case>
            <test-case id="1057" name="CouplingRopesLinkBreakRepairAndUnlinkSymmetrically" fullname="Steppe.Tests.CaravanModuleBehaviorTests.CouplingRopesLinkBreakRepairAndUnlinkSymmetrically" methodname="CouplingRopesLinkBreakRepairAndUnlinkSymmetrically" classname="Steppe.Tests.CaravanModuleBehaviorTests" runstate="Runnable" seed="1244632058" result="Passed" start-time="2026-08-22 09:21:00Z" end-time="2026-08-22 09:21:00Z" duration="0.002155" asserts="0">
              <properties>
                <property name="retryIteration" value="0" />
                <property name="repeatIteration" value="0" />
              </properties>
            </test-case>
            <test-case id="1052" name="DryerConservesMatterAndKeepsReturnedOverflow" fullname="Steppe.Tests.CaravanModuleBehaviorTests.DryerConservesMatterAndKeepsReturnedOverflow" methodname="DryerConservesMatterAndKeepsReturnedOverflow" classname="Steppe.Tests.CaravanModuleBehaviorTests" runstate="Runnable" seed="449379092" result="Passed" start-time="2026-08-22 09:21:00Z" end-time="2026-08-22 09:21:00Z" duration="0.001853" asserts="0">
              <properties>
                <property name="retryIteration" value="0" />
                <property name="repeatIteration" value="0" />
              </properties>
            </test-case>
            <test-case id="1047" name="ElectricMotorClampsThrottlePowerAndConvertsMechanicalOutput" fullname="Steppe.Tests.CaravanModuleBehaviorTests.ElectricMotorClampsThrottlePowerAndConvertsMechanicalOutput" methodname="ElectricMotorClampsThrottlePowerAndConvertsMechanicalOutput" classname="Steppe.Tests.CaravanModuleBehaviorTests" runstate="Runnable" seed="1745403459" result="Passed" start-time="2026-08-22 09:21:00Z" end-time="2026-08-22 09:21:00Z" duration="0.001150" asserts="0">
              <properties>
                <property name="retryIteration" value="0" />
                <property name="repeatIteration" value="0" />
              </properties>
            </test-case>
            <test-case id="1062" name="FirstExpeditionRequiresRealResourcesAndEnvironmentalWindows" fullname="Steppe.Tests.CaravanModuleBehaviorTests.FirstExpeditionRequiresRealResourcesAndEnvironmentalWindows" methodname="FirstExpeditionRequiresRealResourcesAndEnvironmentalWindows" classname="Steppe.Tests.CaravanModuleBehaviorTests" runstate="Runnable" seed="104303525" result="Passed" start-time="2026-08-22 09:21:00Z" end-time="2026-08-22 09:21:00Z" duration="0.001279" asserts="0">
              <properties>
                <property name="retryIteration" value="0" />
                <property name="repeatIteration" value="0" />
              </properties>
            </test-case>
            <test-case id="1045" name="GridSupportsRotationReplacementRemovalAndNegativeTurns" fullname="Steppe.Tests.CaravanModuleBehaviorTests.GridSupportsRotationReplacementRemovalAndNegativeTurns" methodname="GridSupportsRotationReplacementRemovalAndNegativeTurns" classname="Steppe.Tests.CaravanModuleBehaviorTests" runstate="Runnable" seed="1459848501" result="Passed" start-time="2026-08-22 09:21:00Z" end-time="2026-08-22 09:21:00Z" duration="0.002390" asserts="0">
              <properties>
                <property name="retryIteration" value="0" />
                <property name="repeatIteration" value="0" />
              </properties>
            </test-case>
            <test-case id="1051" name="HarvesterPreservesMixtureAndNeverExceedsCapacity" fullname="Steppe.Tests.CaravanModuleBehaviorTests.HarvesterPreservesMixtureAndNeverExceedsCapacity" methodname="HarvesterPreservesMixtureAndNeverExceedsCapacity" classname="Steppe.Tests.CaravanModuleBehaviorTests" runstate="Runnable" seed="796788137" result="Passed" start-time="2026-08-22 09:21:00Z" end-time="2026-08-22 09:21:00Z" duration="0.001711" asserts="0">
              <properties>
                <property name="retryIteration" value="0" />
                <property name="repeatIteration" value="0" />
              </properties>
            </test-case>
            <test-case id="1044" name="ImmediateModeUiScalesFromReferenceResolution" fullname="Steppe.Tests.CaravanModuleBehaviorTests.ImmediateModeUiScalesFromReferenceResolution" methodname="ImmediateModeUiScalesFromReferenceResolution" classname="Steppe.Tests.CaravanModuleBehaviorTests" runstate="Runnable" seed="414596969" result="Passed" start-time="2026-08-22 09:21:00Z" end-time="2026-08-22 09:21:00Z" duration="0.000586" asserts="0">
              <properties>
                <property name="retryIteration" value="0" />
                <property name="repeatIteration" value="0" />
              </properties>
            </test-case>
            <test-case id="1040" name="ModuleStateClampsMutationsAndIgnoresNegativeMaintenance" fullname="Steppe.Tests.CaravanModuleBehaviorTests.ModuleStateClampsMutationsAndIgnoresNegativeMaintenance" methodname="ModuleStateClampsMutationsAndIgnoresNegativeMaintenance" classname="Steppe.Tests.CaravanModuleBehaviorTests" runstate="Runnable" seed="1748760703" result="Passed" start-time="2026-08-22 09:21:00Z" end-time="2026-08-22 09:21:00Z" duration="0.000849" asserts="0">
              <properties>
                <property name="retryIteration" value="0" />
                <property name="repeatIteration" value="0" />
              </properties>
            </test-case>
            <test-case id="1061" name="MotorFeedbackExplainsDisconnectedPowerAndMaintenance" fullname="Steppe.Tests.CaravanModuleBehaviorTests.MotorFeedbackExplainsDisconnectedPowerAndMaintenance" methodname="MotorFeedbackExplainsDisconnectedPowerAndMaintenance" classname="Steppe.Tests.CaravanModuleBehaviorTests" runstate="Runnable" seed="1080226793" result="Passed" start-time="2026-08-22 09:21:00Z" end-time="2026-08-22 09:21:00Z" duration="0.004172" asserts="0">
              <properties>
                <property name="retryIteration" value="0" />
                <property name="repeatIteration" value="0" />
              </properties>
            </test-case>
            <test-case id="1059" name="OnboardingAdvancesThroughConnectionsThrottleAndTravel" fullname="Steppe.Tests.CaravanModuleBehaviorTests.OnboardingAdvancesThroughConnectionsThrottleAndTravel" methodname="OnboardingAdvancesThroughConnectionsThrottleAndTravel" classname="Steppe.Tests.CaravanModuleBehaviorTests" runstate="Runnable" seed="1864982622" result="Passed" start-time="2026-08-22 09:21:00Z" end-time="2026-08-22 09:21:00Z" duration="0.001036" asserts="0">
              <properties>
                <property name="retryIteration" value="0" />
                <property name="repeatIteration" value="0" />
              </properties>
            </test-case>
            <test-case id="1041" name="PartAndModuleClampResourceMassAndOutput" fullname="Steppe.Tests.CaravanModuleBehaviorTests.PartAndModuleClampResourceMassAndOutput" methodname="PartAndModuleClampResourceMassAndOutput" classname="Steppe.Tests.CaravanModuleBehaviorTests" runstate="Runnable" seed="789597852" result="Passed" start-time="2026-08-22 09:21:00Z" end-time="2026-08-22 09:21:00Z" duration="0.000480" asserts="0">
              <properties>
                <property name="retryIteration" value="0" />
                <property name="repeatIteration" value="0" />
              </properties>
            </test-case>
            <test-case id="1042" name="PartDefinitionValidatesIdentityAndClampsPhysicalValues" fullname="Steppe.Tests.CaravanModuleBehaviorTests.PartDefinitionValidatesIdentityAndClampsPhysicalValues" methodname="PartDefinitionValidatesIdentityAndClampsPhysicalValues" classname="Steppe.Tests.CaravanModuleBehaviorTests" runstate="Runnable" seed="31337301" result="Passed" start-time="2026-08-22 09:21:00Z" end-time="2026-08-22 09:21:00Z" duration="0.000465" asserts="0">
              <properties>
                <property name="retryIteration" value="0" />
                <property name="repeatIteration" value="0" />
              </properties>
            </test-case>
            <test-case id="1049" name="PumpMapsControlsAndCombinesMechanicalWithElectricalPower" fullname="Steppe.Tests.CaravanModuleBehaviorTests.PumpMapsControlsAndCombinesMechanicalWithElectricalPower" methodname="PumpMapsControlsAndCombinesMechanicalWithElectricalPower" classname="Steppe.Tests.CaravanModuleBehaviorTests" runstate="Runnable" seed="203978494" result="Passed" start-time="2026-08-22 09:21:00Z" end-time="2026-08-22 09:21:00Z" duration="0.001725" asserts="0">
              <properties>
                <property name="retryIteration" value="0" />
                <property name="repeatIteration" value="0" />
              </properties>
            </test-case>
            <test-case id="1050" name="RadiatorControlAndDamageReduceAvailableCooling" fullname="Steppe.Tests.CaravanModuleBehaviorTests.RadiatorControlAndDamageReduceAvailableCooling" methodname="RadiatorControlAndDamageReduceAvailableCooling" classname="Steppe.Tests.CaravanModuleBehaviorTests" runstate="Runnable" seed="2048171669" result="Passed" start-time="2026-08-22 09:21:00Z" end-time="2026-08-22 09:21:00Z" duration="0.001280" asserts="0">
              <properties>
                <property name="retryIteration" value="0" />
                <property name="repeatIteration" value="0" />
              </properties>
            </test-case>
            <test-case id="1056" name="TransmissionMapsFullGearRangeAndEngagement" fullname="Steppe.Tests.CaravanModuleBehaviorTests.TransmissionMapsFullGearRangeAndEngagement" methodname="TransmissionMapsFullGearRangeAndEngagement" classname="Steppe.Tests.CaravanModuleBehaviorTests" runstate="Runnable" seed="554497385" result="Passed" start-time="2026-08-22 09:21:00Z" end-time="2026-08-22 09:21:00Z" duration="0.001200" asserts="0">
              <properties>
                <property name="retryIteration" value="0" />
                <property name="repeatIteration" value="0" />
              </properties>
            </test-case>
            <test-case id="1058" name="TypedModulesRejectPartsWithWrongTechnicalKind" fullname="Steppe.Tests.CaravanModuleBehaviorTests.TypedModulesRejectPartsWithWrongTechnicalKind" methodname="TypedModulesRejectPartsWithWrongTechnicalKind" classname="Steppe.Tests.CaravanModuleBehaviorTests" runstate="Runnable" seed="1288185604" result="Passed" start-time="2026-08-22 09:21:00Z" end-time="2026-08-22 09:21:00Z" duration="0.001362" asserts="0">
              <properties>
                <property name="retryIteration" value="0" />
                <property name="repeatIteration" value="0" />
              </properties>
            </test-case>
            <test-case id="1048" name="WaterReservoirTracksPayloadCapacityAndTemperature" fullname="Steppe.Tests.CaravanModuleBehaviorTests.WaterReservoirTracksPayloadCapacityAndTemperature" methodname="WaterReservoirTracksPayloadCapacityAndTemperature" classname="Steppe.Tests.CaravanModuleBehaviorTests" runstate="Runnable" seed="760450489" result="Passed" start-time="2026-08-22 09:21:00Z" end-time="2026-08-22 09:21:00Z" duration="0.000653" asserts="0">
              <properties>
                <property name="retryIteration" value="0" />
                <property name="repeatIteration" value="0" />
              </properties>
            </test-case>
          </test-suite>
          <test-suite type="TestFixture" id="1063" name="CaravanNetworkBehaviorTests" fullname="Steppe.Tests.CaravanNetworkBehaviorTests" classname="Steppe.Tests.CaravanNetworkBehaviorTests" runstate="Runnable" testcasecount="5" result="Passed" start-time="2026-08-22 09:21:00Z" end-time="2026-08-22 09:21:00Z" duration="0.030369" total="5" passed="5" failed="0" inconclusive="0" skipped="0" asserts="0">
            <properties />
            <test-case id="1068" name="CouplingMaterialLinkStopsConductingWhenRopeBreaks" fullname="Steppe.Tests.CaravanNetworkBehaviorTests.CouplingMaterialLinkStopsConductingWhenRopeBreaks" methodname="CouplingMaterialLinkStopsConductingWhenRopeBreaks" classname="Steppe.Tests.CaravanNetworkBehaviorTests" runstate="Runnable" seed="836351311" result="Passed" start-time="2026-08-22 09:21:00Z" end-time="2026-08-22 09:21:00Z" duration="0.009787" asserts="0">
              <properties>
                <property name="retryIteration" value="0" />
                <property name="repeatIteration" value="0" />
              </properties>
            </test-case>
            <test-case id="1064" name="ElectricalNetworkBalancesConnectedComponentAndIgnoresOpenCable" fullname="Steppe.Tests.CaravanNetworkBehaviorTests.ElectricalNetworkBalancesConnectedComponentAndIgnoresOpenCable" methodname="ElectricalNetworkBalancesConnectedComponentAndIgnoresOpenCable" classname="Steppe.Tests.CaravanNetworkBehaviorTests" runstate="Runnable" seed="1888781112" result="Passed" start-time="2026-08-22 09:21:00Z" end-time="2026-08-22 09:21:00Z" duration="0.010565" asserts="0">
              <properties>
                <property name="retryIteration" value="0" />
                <property name="repeatIteration" value="0" />
              </properties>
            </test-case>
            <test-case id="1065" name="FluidNetworkRequiresExactClosedLoopAndPoweredPump" fullname="Steppe.Tests.CaravanNetworkBehaviorTests.FluidNetworkRequiresExactClosedLoopAndPoweredPump" methodname="FluidNetworkRequiresExactClosedLoopAndPoweredPump" classname="Steppe.Tests.CaravanNetworkBehaviorTests" runstate="Runnable" seed="818940473" result="Passed" start-time="2026-08-22 09:21:00Z" end-time="2026-08-22 09:21:00Z" duration="0.005281" asserts="0">
              <properties>
                <property name="retryIteration" value="0" />
                <property name="repeatIteration" value="0" />
              </properties>
            </test-case>
            <test-case id="1066" name="FluidNetworkStopsFrozenWaterAndAppliesHeatOnlyToClosedCircuit" fullname="Steppe.Tests.CaravanNetworkBehaviorTests.FluidNetworkStopsFrozenWaterAndAppliesHeatOnlyToClosedCircuit" methodname="FluidNetworkStopsFrozenWaterAndAppliesHeatOnlyToClosedCircuit" classname="Steppe.Tests.CaravanNetworkBehaviorTests" runstate="Runnable" seed="43851668" result="Passed" start-time="2026-08-22 09:21:00Z" end-time="2026-08-22 09:21:00Z" duration="0.001120" asserts="0">
              <properties>
                <property name="retryIteration" value="0" />
                <property name="repeatIteration" value="0" />
              </properties>
            </test-case>
            <test-case id="1067" name="MaterialNetworkBuildsPathAcrossTransmissionAndDetectsBreak" fullname="Steppe.Tests.CaravanNetworkBehaviorTests.MaterialNetworkBuildsPathAcrossTransmissionAndDetectsBreak" methodname="MaterialNetworkBuildsPathAcrossTransmissionAndDetectsBreak" classname="Steppe.Tests.CaravanNetworkBehaviorTests" runstate="Runnable" seed="403195619" result="Passed" start-time="2026-08-22 09:21:00Z" end-time="2026-08-22 09:21:00Z" duration="0.001351" asserts="0">
              <properties>
                <property name="retryIteration" value="0" />
                <property name="repeatIteration" value="0" />
              </properties>
            </test-case>
          </test-suite>
          <test-suite type="TestFixture" id="1069" name="CaravanSimulationTests" fullname="Steppe.Tests.CaravanSimulationTests" classname="Steppe.Tests.CaravanSimulationTests" runstate="Runnable" testcasecount="18" result="Passed" start-time="2026-08-22 09:21:00Z" end-time="2026-08-22 09:21:00Z" duration="0.014189" total="18" passed="18" failed="0" inconclusive="0" skipped="0" asserts="0">
            <properties />
            <test-case id="1083" name="BiomassDryingConservesDryMatterAndRecoveredWater" fullname="Steppe.Tests.CaravanSimulationTests.BiomassDryingConservesDryMatterAndRecoveredWater" methodname="BiomassDryingConservesDryMatterAndRecoveredWater" classname="Steppe.Tests.CaravanSimulationTests" runstate="Runnable" seed="1123851238" result="Passed" start-time="2026-08-22 09:21:00Z" end-time="2026-08-22 09:21:00Z" duration="0.000285" asserts="0">
              <properties>
                <property name="retryIteration" value="0" />
                <property name="repeatIteration" value="0" />
              </properties>
            </test-case>
            <test-case id="1070" name="BroadsideSailReceivesWindAndEdgeOnSailDoesNot" fullname="Steppe.Tests.CaravanSimulationTests.BroadsideSailReceivesWindAndEdgeOnSailDoesNot" methodname="BroadsideSailReceivesWindAndEdgeOnSailDoesNot" classname="Steppe.Tests.CaravanSimulationTests" runstate="Runnable" seed="1997587829" result="Passed" start-time="2026-08-22 09:21:00Z" end-time="2026-08-22 09:21:00Z" duration="0.000794" asserts="0">
              <properties>
                <property name="retryIteration" value="0" />
                <property name="repeatIteration" value="0" />
              </properties>
            </test-case>
            <test-case id="1085" name="CouplingRopeIsSlackThenLoadsAndBreaksProgressively" fullname="Steppe.Tests.CaravanSimulationTests.CouplingRopeIsSlackThenLoadsAndBreaksProgressively" methodname="CouplingRopeIsSlackThenLoadsAndBreaksProgressively" classname="Steppe.Tests.CaravanSimulationTests" runstate="Runnable" seed="905056757" result="Passed" start-time="2026-08-22 09:21:00Z" end-time="2026-08-22 09:21:00Z" duration="0.000243" asserts="0">
              <properties>
                <property name="retryIteration" value="0" />
                <property name="repeatIteration" value="0" />
              </properties>
            </test-case>
            <test-case id="1072" name="DemoSailProducesReadableStartingForce" fullname="Steppe.Tests.CaravanSimulationTests.DemoSailProducesReadableStartingForce" methodname="DemoSailProducesReadableStartingForce" classname="Steppe.Tests.CaravanSimulationTests" runstate="Runnable" seed="330944142" result="Passed" start-time="2026-08-22 09:21:00Z" end-time="2026-08-22 09:21:00Z" duration="0.000669" asserts="0">
              <properties>
                <property name="retryIteration" value="0" />
                <property name="repeatIteration" value="0" />
              </properties>
            </test-case>
            <test-case id="1073" name="DirtyDamagedModuleDegradesGraduallyAndCanBeMaintained" fullname="Steppe.Tests.CaravanSimulationTests.DirtyDamagedModuleDegradesGraduallyAndCanBeMaintained" methodname="DirtyDamagedModuleDegradesGraduallyAndCanBeMaintained" classname="Steppe.Tests.CaravanSimulationTests" runstate="Runnable" seed="1601643594" result="Passed" start-time="2026-08-22 09:21:00Z" end-time="2026-08-22 09:21:00Z" duration="0.000600" asserts="0">
              <properties>
                <property name="retryIteration" value="0" />
                <property name="repeatIteration" value="0" />
              </properties>
            </test-case>
            <test-case id="1080" name="DisconnectedMotorReceivesNoPowerWhileBatteryCanStillCharge" fullname="Steppe.Tests.CaravanSimulationTests.DisconnectedMotorReceivesNoPowerWhileBatteryCanStillCharge" methodname="DisconnectedMotorReceivesNoPowerWhileBatteryCanStillCharge" classname="Steppe.Tests.CaravanSimulationTests" runstate="Runnable" seed="811507182" result="Passed" start-time="2026-08-22 09:21:00Z" end-time="2026-08-22 09:21:00Z" duration="0.000481" asserts="0">
              <properties>
                <property name="retryIteration" value="0" />
                <property name="repeatIteration" value="0" />
              </properties>
            </test-case>
            <test-case id="1084" name="EcologyExtractionSubtractsOnlyAvailableResources" fullname="Steppe.Tests.CaravanSimulationTests.EcologyExtractionSubtractsOnlyAvailableResources" methodname="EcologyExtractionSubtractsOnlyAvailableResources" classname="Steppe.Tests.CaravanSimulationTests" runstate="Runnable" seed="1877736674" result="Passed" start-time="2026-08-22 09:21:00Z" end-time="2026-08-22 09:21:00Z" duration="0.001456" asserts="0">
              <properties>
                <property name="retryIteration" value="0" />
                <property name="repeatIteration" value="0" />
              </properties>
            </test-case>
            <test-case id="1079" name="ElectricMotorDrawsSolarFirstAndBatteryCoversDeficit" fullname="Steppe.Tests.CaravanSimulationTests.ElectricMotorDrawsSolarFirstAndBatteryCoversDeficit" methodname="ElectricMotorDrawsSolarFirstAndBatteryCoversDeficit" classname="Steppe.Tests.CaravanSimulationTests" runstate="Runnable" seed="1043551592" result="Passed" start-time="2026-08-22 09:21:00Z" end-time="2026-08-22 09:21:00Z" duration="0.000253" asserts="0">
              <properties>
                <property name="retryIteration" value="0" />
                <property name="repeatIteration" value="0" />
              </properties>
            </test-case>
            <test-case id="1086" name="LowSunProjectsCloudShadowAwayFromReceiver" fullname="Steppe.Tests.CaravanSimulationTests.LowSunProjectsCloudShadowAwayFromReceiver" methodname="LowSunProjectsCloudShadowAwayFromReceiver" classname="Steppe.Tests.CaravanSimulationTests" runstate="Runnable" seed="1247905507" result="Passed" start-time="2026-08-22 09:21:00Z" end-time="2026-08-22 09:21:00Z" duration="0.000558" asserts="0">
              <properties>
                <property name="retryIteration" value="0" />
                <property name="repeatIteration" value="0" />
              </properties>
            </test-case>
            <test-case id="1076" name="ModuleInstancesReceiveUniqueIdsAndCanRestoreStableIdentity" fullname="Steppe.Tests.CaravanSimulationTests.ModuleInstancesReceiveUniqueIdsAndCanRestoreStableIdentity" methodname="ModuleInstancesReceiveUniqueIdsAndCanRestoreStableIdentity" classname="Steppe.Tests.CaravanSimulationTests" runstate="Runnable" seed="847613769" result="Passed" start-time="2026-08-22 09:21:00Z" end-time="2026-08-22 09:21:00Z" duration="0.000830" asserts="0">
              <properties>
                <property name="retryIteration" value="0" />
                <property name="repeatIteration" value="0" />
              </properties>
            </test-case>
            <test-case id="1074" name="MountGridRejectsOverlapAndHonoursRotatedFootprints" fullname="Steppe.Tests.CaravanSimulationTests.MountGridRejectsOverlapAndHonoursRotatedFootprints" methodname="MountGridRejectsOverlapAndHonoursRotatedFootprints" classname="Steppe.Tests.CaravanSimulationTests" runstate="Runnable" seed="815791761" result="Passed" start-time="2026-08-22 09:21:00Z" end-time="2026-08-22 09:21:00Z" duration="0.000421" asserts="0">
              <properties>
                <property name="retryIteration" value="0" />
                <property name="repeatIteration" value="0" />
              </properties>
            </test-case>
            <test-case id="1075" name="PartCatalogueOwnsOneStableDefinitionForEveryTechnicalKind" fullname="Steppe.Tests.CaravanSimulationTests.PartCatalogueOwnsOneStableDefinitionForEveryTechnicalKind" methodname="PartCatalogueOwnsOneStableDefinitionForEveryTechnicalKind" classname="Steppe.Tests.CaravanSimulationTests" runstate="Runnable" seed="93341678" result="Passed" start-time="2026-08-22 09:21:00Z" end-time="2026-08-22 09:21:00Z" duration="0.001320" asserts="0">
              <properties>
                <property name="retryIteration" value="0" />
                <property name="repeatIteration" value="0" />
              </properties>
            </test-case>
            <test-case id="1077" name="PhotovoltaicExposureUsesPanelAngleAndStormShadow" fullname="Steppe.Tests.CaravanSimulationTests.PhotovoltaicExposureUsesPanelAngleAndStormShadow" methodname="PhotovoltaicExposureUsesPanelAngleAndStormShadow" classname="Steppe.Tests.CaravanSimulationTests" runstate="Runnable" seed="1658114580" result="Passed" start-time="2026-08-22 09:21:00Z" end-time="2026-08-22 09:21:00Z" duration="0.001374" asserts="0">
              <properties>
                <property name="retryIteration" value="0" />
                <property name="repeatIteration" value="0" />
              </properties>
            </test-case>
            <test-case id="1082" name="PoweredWaterCircuitCoolsReservoirAndBenefitsFromWind" fullname="Steppe.Tests.CaravanSimulationTests.PoweredWaterCircuitCoolsReservoirAndBenefitsFromWind" methodname="PoweredWaterCircuitCoolsReservoirAndBenefitsFromWind" classname="Steppe.Tests.CaravanSimulationTests" runstate="Runnable" seed="1366929219" result="Passed" start-time="2026-08-22 09:21:00Z" end-time="2026-08-22 09:21:00Z" duration="0.000299" asserts="0">
              <properties>
                <property name="retryIteration" value="0" />
                <property name="repeatIteration" value="0" />
              </properties>
            </test-case>
            <test-case id="1078" name="SolarSurplusChargesBatteryWithinChargeLimit" fullname="Steppe.Tests.CaravanSimulationTests.SolarSurplusChargesBatteryWithinChargeLimit" methodname="SolarSurplusChargesBatteryWithinChargeLimit" classname="Steppe.Tests.CaravanSimulationTests" runstate="Runnable" seed="656168336" result="Passed" start-time="2026-08-22 09:21:00Z" end-time="2026-08-22 09:21:00Z" duration="0.000234" asserts="0">
              <properties>
                <property name="retryIteration" value="0" />
                <property name="repeatIteration" value="0" />
              </properties>
            </test-case>
            <test-case id="1071" name="VehicleVelocityReducesApparentWindAndSailForce" fullname="Steppe.Tests.CaravanSimulationTests.VehicleVelocityReducesApparentWindAndSailForce" methodname="VehicleVelocityReducesApparentWindAndSailForce" classname="Steppe.Tests.CaravanSimulationTests" runstate="Runnable" seed="1669610305" result="Passed" start-time="2026-08-22 09:21:00Z" end-time="2026-08-22 09:21:00Z" duration="0.000357" asserts="0">
              <properties>
                <property name="retryIteration" value="0" />
                <property name="repeatIteration" value="0" />
              </properties>
            </test-case>
            <test-case id="1081" name="WaterCircuitRequiresClosedPipesAndPumpPower" fullname="Steppe.Tests.CaravanSimulationTests.WaterCircuitRequiresClosedPipesAndPumpPower" methodname="WaterCircuitRequiresClosedPipesAndPumpPower" classname="Steppe.Tests.CaravanSimulationTests" runstate="Runnable" seed="2123052632" result="Passed" start-time="2026-08-22 09:21:00Z" end-time="2026-08-22 09:21:00Z" duration="0.000273" asserts="0">
              <properties>
                <property name="retryIteration" value="0" />
                <property name="repeatIteration" value="0" />
              </properties>
            </test-case>
            <test-case id="1087" name="WindVaneArrowPointsIntoSurfaceWind" fullname="Steppe.Tests.CaravanSimulationTests.WindVaneArrowPointsIntoSurfaceWind" methodname="WindVaneArrowPointsIntoSurfaceWind" classname="Steppe.Tests.CaravanSimulationTests" runstate="Runnable" seed="360713844" result="Passed" start-time="2026-08-22 09:21:00Z" end-time="2026-08-22 09:21:00Z" duration="0.000634" asserts="0">
              <properties>
                <property name="retryIteration" value="0" />
                <property name="repeatIteration" value="0" />
              </properties>
            </test-case>
          </test-suite>
          <test-suite type="TestFixture" id="1088" name="EcologySimulationTests" fullname="Steppe.Tests.EcologySimulationTests" classname="Steppe.Tests.EcologySimulationTests" runstate="Runnable" testcasecount="20" result="Passed" start-time="2026-08-22 09:21:00Z" end-time="2026-08-22 09:21:00Z" duration="0.024111" total="20" passed="20" failed="0" inconclusive="0" skipped="0" asserts="0">
            <properties />
            <test-case id="1089" name="CellCoordinatesUseFloorDivisionAcrossTheWorldOrigin" fullname="Steppe.Tests.EcologySimulationTests.CellCoordinatesUseFloorDivisionAcrossTheWorldOrigin" methodname="CellCoordinatesUseFloorDivisionAcrossTheWorldOrigin" classname="Steppe.Tests.EcologySimulationTests" runstate="Runnable" seed="1111158850" result="Passed" start-time="2026-08-22 09:21:00Z" end-time="2026-08-22 09:21:00Z" duration="0.004057" asserts="0">
              <properties>
                <property name="retryIteration" value="0" />
                <property name="repeatIteration" value="0" />
              </properties>
            </test-case>
            <test-case id="1102" name="ColdPrecipitationAccumulatesSnowInsteadOfWetSurfaceWater" fullname="Steppe.Tests.EcologySimulationTests.ColdPrecipitationAccumulatesSnowInsteadOfWetSurfaceWater" methodname="ColdPrecipitationAccumulatesSnowInsteadOfWetSurfaceWater" classname="Steppe.Tests.EcologySimulationTests" runstate="Runnable" seed="1249880839" result="Passed" start-time="2026-08-22 09:21:00Z" end-time="2026-08-22 09:21:00Z" duration="0.003559" asserts="0">
              <properties>
                <property name="retryIteration" value="0" />
                <property name="repeatIteration" value="0" />
              </properties>
            </test-case>
            <test-case id="1105" name="CryosphereMapKeepsSnowCompactionAndFrozenChannelsSeparate" fullname="Steppe.Tests.EcologySimulationTests.CryosphereMapKeepsSnowCompactionAndFrozenChannelsSeparate" methodname="CryosphereMapKeepsSnowCompactionAndFrozenChannelsSeparate" classname="Steppe.Tests.EcologySimulationTests" runstate="Runnable" seed="1387763833" result="Passed" start-time="2026-08-22 09:21:00Z" end-time="2026-08-22 09:21:00Z" duration="0.001367" asserts="0">
              <properties>
                <property name="retryIteration" value="0" />
                <property name="repeatIteration" value="0" />
              </properties>
            </test-case>
            <test-case id="1096" name="DustStartsOnlyAfterWindExceedsTheDynamicSoilThreshold" fullname="Steppe.Tests.EcologySimulationTests.DustStartsOnlyAfterWindExceedsTheDynamicSoilThreshold" methodname="DustStartsOnlyAfterWindExceedsTheDynamicSoilThreshold" classname="Steppe.Tests.EcologySimulationTests" runstate="Runnable" seed="1056137250" result="Passed" start-time="2026-08-22 09:21:00Z" end-time="2026-08-22 09:21:00Z" duration="0.001278" asserts="0">
              <properties>
                <property name="retryIteration" value="0" />
                <property name="repeatIteration" value="0" />
              </properties>
            </test-case>
            <test-case id="1100" name="FifteenDayDrySeasonVisiblyReducesStandingDryMass" fullname="Steppe.Tests.EcologySimulationTests.FifteenDayDrySeasonVisiblyReducesStandingDryMass" methodname="FifteenDayDrySeasonVisiblyReducesStandingDryMass" classname="Steppe.Tests.EcologySimulationTests" runstate="Runnable" seed="1234294093" result="Passed" start-time="2026-08-22 09:21:00Z" end-time="2026-08-22 09:21:00Z" duration="0.000932" asserts="0">
              <properties>
                <property name="retryIteration" value="0" />
                <property name="repeatIteration" value="0" />
              </properties>
            </test-case>
            <test-case id="1101" name="FifteenDayWetGrowingSeasonRecoversLiveBiomass" fullname="Steppe.Tests.EcologySimulationTests.FifteenDayWetGrowingSeasonRecoversLiveBiomass" methodname="FifteenDayWetGrowingSeasonRecoversLiveBiomass" classname="Steppe.Tests.EcologySimulationTests" runstate="Runnable" seed="179435483" result="Passed" start-time="2026-08-22 09:21:00Z" end-time="2026-08-22 09:21:00Z" duration="0.000641" asserts="0">
              <properties>
                <property name="retryIteration" value="0" />
                <property name="repeatIteration" value="0" />
              </properties>
            </test-case>
            <test-case id="1093" name="FixedForcingProducesDeterministicState" fullname="Steppe.Tests.EcologySimulationTests.FixedForcingProducesDeterministicState" methodname="FixedForcingProducesDeterministicState" classname="Steppe.Tests.EcologySimulationTests" runstate="Runnable" seed="615698956" result="Passed" start-time="2026-08-22 09:21:00Z" end-time="2026-08-22 09:21:00Z" duration="0.000741" asserts="0">
              <properties>
                <property name="retryIteration" value="0" />
                <property name="repeatIteration" value="0" />
              </properties>
            </test-case>
            <test-case id="1107" name="FreshSnowSinksMoreThanCompactedOrFrozenSnow" fullname="Steppe.Tests.EcologySimulationTests.FreshSnowSinksMoreThanCompactedOrFrozenSnow" methodname="FreshSnowSinksMoreThanCompactedOrFrozenSnow" classname="Steppe.Tests.EcologySimulationTests" runstate="Runnable" seed="2068799127" result="Passed" start-time="2026-08-22 09:21:00Z" end-time="2026-08-22 09:21:00Z" duration="0.000918" asserts="0">
              <properties>
                <property name="retryIteration" value="0" />
                <property name="repeatIteration" value="0" />
              </properties>
            </test-case>
            <test-case id="1099" name="HotDroughtCuresGrassFasterThanStandingBiomassDisappears" fullname="Steppe.Tests.EcologySimulationTests.HotDroughtCuresGrassFasterThanStandingBiomassDisappears" methodname="HotDroughtCuresGrassFasterThanStandingBiomassDisappears" classname="Steppe.Tests.EcologySimulationTests" runstate="Runnable" seed="1348346732" result="Passed" start-time="2026-08-22 09:21:00Z" end-time="2026-08-22 09:21:00Z" duration="0.000424" asserts="0">
              <properties>
                <property name="retryIteration" value="0" />
                <property name="repeatIteration" value="0" />
              </properties>
            </test-case>
            <test-case id="1091" name="ProlongedWarmWindyWeatherEventuallyDrainsBothWaterLayers" fullname="Steppe.Tests.EcologySimulationTests.ProlongedWarmWindyWeatherEventuallyDrainsBothWaterLayers" methodname="ProlongedWarmWindyWeatherEventuallyDrainsBothWaterLayers" classname="Steppe.Tests.EcologySimulationTests" runstate="Runnable" seed="974158422" result="Passed" start-time="2026-08-22 09:21:00Z" end-time="2026-08-22 09:21:00Z" duration="0.000567" asserts="0">
              <properties>
                <property name="retryIteration" value="0" />
                <property name="repeatIteration" value="0" />
              </properties>
            </test-case>
            <test-case id="1090" name="RainFirstFillsTheSurfaceAndThenTheRootLayer" fullname="Steppe.Tests.EcologySimulationTests.RainFirstFillsTheSurfaceAndThenTheRootLayer" methodname="RainFirstFillsTheSurfaceAndThenTheRootLayer" classname="Steppe.Tests.EcologySimulationTests" runstate="Runnable" seed="1679922903" result="Passed" start-time="2026-08-22 09:21:00Z" end-time="2026-08-22 09:21:00Z" duration="0.000458" asserts="0">
              <properties>
                <property name="retryIteration" value="0" />
                <property name="repeatIteration" value="0" />
              </properties>
            </test-case>
            <test-case id="1092" name="RainSoftensAnExistingDryCrust" fullname="Steppe.Tests.EcologySimulationTests.RainSoftensAnExistingDryCrust" methodname="RainSoftensAnExistingDryCrust" classname="Steppe.Tests.EcologySimulationTests" runstate="Runnable" seed="311747481" result="Passed" start-time="2026-08-22 09:21:00Z" end-time="2026-08-22 09:21:00Z" duration="0.000359" asserts="0">
              <properties>
                <property name="retryIteration" value="0" />
                <property name="repeatIteration" value="0" />
              </properties>
            </test-case>
            <test-case id="1106" name="SaturatedClayIsHarderToCrossThanTheSameDryCrustedSoil" fullname="Steppe.Tests.EcologySimulationTests.SaturatedClayIsHarderToCrossThanTheSameDryCrustedSoil" methodname="SaturatedClayIsHarderToCrossThanTheSameDryCrustedSoil" classname="Steppe.Tests.EcologySimulationTests" runstate="Runnable" seed="499055631" result="Passed" start-time="2026-08-22 09:21:00Z" end-time="2026-08-22 09:21:00Z" duration="0.000435" asserts="0">
              <properties>
                <property name="retryIteration" value="0" />
                <property name="repeatIteration" value="0" />
              </properties>
            </test-case>
            <test-case id="1104" name="SnowCoverPreventsDustEvenInStrongWind" fullname="Steppe.Tests.EcologySimulationTests.SnowCoverPreventsDustEvenInStrongWind" methodname="SnowCoverPreventsDustEvenInStrongWind" classname="Steppe.Tests.EcologySimulationTests" runstate="Runnable" seed="468592608" result="Passed" start-time="2026-08-22 09:21:00Z" end-time="2026-08-22 09:21:00Z" duration="0.000413" asserts="0">
              <properties>
                <property name="retryIteration" value="0" />
                <property name="repeatIteration" value="0" />
              </properties>
            </test-case>
            <test-case id="1095" name="StateMapCoversTheCompleteActiveEcologyDiameter" fullname="Steppe.Tests.EcologySimulationTests.StateMapCoversTheCompleteActiveEcologyDiameter" methodname="StateMapCoversTheCompleteActiveEcologyDiameter" classname="Steppe.Tests.EcologySimulationTests" runstate="Runnable" seed="163433402" result="Passed" start-time="2026-08-22 09:21:00Z" end-time="2026-08-22 09:21:00Z" duration="0.000568" asserts="0">
              <properties>
                <property name="retryIteration" value="0" />
                <property name="repeatIteration" value="0" />
              </properties>
            </test-case>
            <test-case id="1094" name="StateMapEncodingUsesRelativeBiomassAndStableChannels" fullname="Steppe.Tests.EcologySimulationTests.StateMapEncodingUsesRelativeBiomassAndStableChannels" methodname="StateMapEncodingUsesRelativeBiomassAndStableChannels" classname="Steppe.Tests.EcologySimulationTests" runstate="Runnable" seed="648487837" result="Passed" start-time="2026-08-22 09:21:00Z" end-time="2026-08-22 09:21:00Z" duration="0.000684" asserts="0">
              <properties>
                <property name="retryIteration" value="0" />
                <property name="repeatIteration" value="0" />
              </properties>
            </test-case>
            <test-case id="1108" name="TrackCoordinatesRemainStableAcrossNegativeWorldSpace" fullname="Steppe.Tests.EcologySimulationTests.TrackCoordinatesRemainStableAcrossNegativeWorldSpace" methodname="TrackCoordinatesRemainStableAcrossNegativeWorldSpace" classname="Steppe.Tests.EcologySimulationTests" runstate="Runnable" seed="395190337" result="Passed" start-time="2026-08-22 09:21:00Z" end-time="2026-08-22 09:21:00Z" duration="0.000692" asserts="0">
              <properties>
                <property name="retryIteration" value="0" />
                <property name="repeatIteration" value="0" />
              </properties>
            </test-case>
            <test-case id="1103" name="WarmDayMeltsSnowIntoSoilWaterAndThawsFrozenGround" fullname="Steppe.Tests.EcologySimulationTests.WarmDayMeltsSnowIntoSoilWaterAndThawsFrozenGround" methodname="WarmDayMeltsSnowIntoSoilWaterAndThawsFrozenGround" classname="Steppe.Tests.EcologySimulationTests" runstate="Runnable" seed="2122307495" result="Passed" start-time="2026-08-22 09:21:00Z" end-time="2026-08-22 09:21:00Z" duration="0.000894" asserts="0">
              <properties>
                <property name="retryIteration" value="0" />
                <property name="repeatIteration" value="0" />
              </properties>
            </test-case>
            <test-case id="1098" name="WarmRootWaterGreensPlantsBeforeBiomassRecovers" fullname="Steppe.Tests.EcologySimulationTests.WarmRootWaterGreensPlantsBeforeBiomassRecovers" methodname="WarmRootWaterGreensPlantsBeforeBiomassRecovers" classname="Steppe.Tests.EcologySimulationTests" runstate="Runnable" seed="1657888071" result="Passed" start-time="2026-08-22 09:21:00Z" end-time="2026-08-22 09:21:00Z" duration="0.000612" asserts="0">
              <properties>
                <property name="retryIteration" value="0" />
                <property name="repeatIteration" value="0" />
              </properties>
            </test-case>
            <test-case id="1097" name="WaterRainAndCrustIndependentlySuppressDust" fullname="Steppe.Tests.EcologySimulationTests.WaterRainAndCrustIndependentlySuppressDust" methodname="WaterRainAndCrustIndependentlySuppressDust" classname="Steppe.Tests.EcologySimulationTests" runstate="Runnable" seed="1336527920" result="Passed" start-time="2026-08-22 09:21:00Z" end-time="2026-08-22 09:21:00Z" duration="0.000779" asserts="0">
              <properties>
                <property name="retryIteration" value="0" />
                <property name="repeatIteration" value="0" />
              </properties>
            </test-case>
          </test-suite>
          <test-suite type="TestFixture" id="1109" name="TerrainGenerationTests" fullname="Steppe.Tests.TerrainGenerationTests" classname="Steppe.Tests.TerrainGenerationTests" runstate="Runnable" testcasecount="10" result="Passed" start-time="2026-08-22 09:21:00Z" end-time="2026-08-22 09:21:00Z" duration="0.215515" total="10" passed="10" failed="0" inconclusive="0" skipped="0" asserts="0">
            <properties />
            <test-case id="1118" name="AdjacentDifferentLodMeshesShareBoundaryHeights" fullname="Steppe.Tests.TerrainGenerationTests.AdjacentDifferentLodMeshesShareBoundaryHeights" methodname="AdjacentDifferentLodMeshesShareBoundaryHeights" classname="Steppe.Tests.TerrainGenerationTests" runstate="Runnable" seed="104432205" result="Passed" start-time="2026-08-22 09:21:00Z" end-time="2026-08-22 09:21:00Z" duration="0.006528" asserts="0">
              <properties>
                <property name="retryIteration" value="0" />
                <property name="repeatIteration" value="0" />
              </properties>
            </test-case>
            <test-case id="1114" name="CanonicalClimateContainsAllFourSteppeBiomes" fullname="Steppe.Tests.TerrainGenerationTests.CanonicalClimateContainsAllFourSteppeBiomes" methodname="CanonicalClimateContainsAllFourSteppeBiomes" classname="Steppe.Tests.TerrainGenerationTests" runstate="Runnable" seed="2102292544" result="Passed" start-time="2026-08-22 09:21:00Z" end-time="2026-08-22 09:21:00Z" duration="0.005220" asserts="0">
              <properties>
                <property name="retryIteration" value="0" />
                <property name="repeatIteration" value="0" />
              </properties>
            </test-case>
            <test-case id="1110" name="ChunkCoordinatesFloorAcrossNegativeBoundaries" fullname="Steppe.Tests.TerrainGenerationTests.ChunkCoordinatesFloorAcrossNegativeBoundaries" methodname="ChunkCoordinatesFloorAcrossNegativeBoundaries" classname="Steppe.Tests.TerrainGenerationTests" runstate="Runnable" seed="1812017761" result="Passed" start-time="2026-08-22 09:21:00Z" end-time="2026-08-22 09:21:00Z" duration="0.000872" asserts="0">
              <properties>
                <property name="retryIteration" value="0" />
                <property name="repeatIteration" value="0" />
              </properties>
            </test-case>
            <test-case id="1117" name="GrassCellBuilderIsDeterministicAndOwnsNoSceneState" fullname="Steppe.Tests.TerrainGenerationTests.GrassCellBuilderIsDeterministicAndOwnsNoSceneState" methodname="GrassCellBuilderIsDeterministicAndOwnsNoSceneState" classname="Steppe.Tests.TerrainGenerationTests" runstate="Runnable" seed="218923059" result="Passed" start-time="2026-08-22 09:21:00Z" end-time="2026-08-22 09:21:00Z" duration="0.072252" asserts="0">
              <properties>
                <property name="retryIteration" value="0" />
                <property name="repeatIteration" value="0" />
              </properties>
            </test-case>
            <test-case id="1111" name="HeightIsBitwiseDeterministicAtLargeCoordinates" fullname="Steppe.Tests.TerrainGenerationTests.HeightIsBitwiseDeterministicAtLargeCoordinates" methodname="HeightIsBitwiseDeterministicAtLargeCoordinates" classname="Steppe.Tests.TerrainGenerationTests" runstate="Runnable" seed="2007131235" result="Passed" start-time="2026-08-22 09:21:00Z" end-time="2026-08-22 09:21:00Z" duration="0.001393" asserts="0">
              <properties>
                <property name="retryIteration" value="0" />
                <property name="repeatIteration" value="0" />
              </properties>
            </test-case>
            <test-case id="1112" name="InitialStreamingAreaContainsReadableRelief" fullname="Steppe.Tests.TerrainGenerationTests.InitialStreamingAreaContainsReadableRelief" methodname="InitialStreamingAreaContainsReadableRelief" classname="Steppe.Tests.TerrainGenerationTests" runstate="Runnable" seed="1375014702" result="Passed" start-time="2026-08-22 09:21:00Z" end-time="2026-08-22 09:21:00Z" duration="0.005189" asserts="0">
              <properties>
                <property name="retryIteration" value="0" />
                <property name="repeatIteration" value="0" />
              </properties>
              <output><![CDATA[Initial terrain: min=-116.5m max=116.0m range=232.5m sigma=45.8m
]]></output>
            </test-case>
            <test-case id="1119" name="OverrideStampChangesOnlyItsAuthoredArea" fullname="Steppe.Tests.TerrainGenerationTests.OverrideStampChangesOnlyItsAuthoredArea" methodname="OverrideStampChangesOnlyItsAuthoredArea" classname="Steppe.Tests.TerrainGenerationTests" runstate="Runnable" seed="171410271" result="Passed" start-time="2026-08-22 09:21:00Z" end-time="2026-08-22 09:21:00Z" duration="0.001097" asserts="0">
              <properties>
                <property name="retryIteration" value="0" />
                <property name="repeatIteration" value="0" />
              </properties>
            </test-case>
            <test-case id="1115" name="StartingRegionReachesAnEcotoneWithinThirtyKilometers" fullname="Steppe.Tests.TerrainGenerationTests.StartingRegionReachesAnEcotoneWithinThirtyKilometers" methodname="StartingRegionReachesAnEcotoneWithinThirtyKilometers" classname="Steppe.Tests.TerrainGenerationTests" runstate="Runnable" seed="230329951" result="Passed" start-time="2026-08-22 09:21:00Z" end-time="2026-08-22 09:21:00Z" duration="0.001924" asserts="0">
              <properties>
                <property name="retryIteration" value="0" />
                <property name="repeatIteration" value="0" />
              </properties>
              <output><![CDATA[Nearest biome transition from FeatherGrass: 12288 m near (-4702, -11353)
]]></output>
            </test-case>
            <test-case id="1113" name="SurfaceFieldsAreDeterministicAndContinuous" fullname="Steppe.Tests.TerrainGenerationTests.SurfaceFieldsAreDeterministicAndContinuous" methodname="SurfaceFieldsAreDeterministicAndContinuous" classname="Steppe.Tests.TerrainGenerationTests" runstate="Runnable" seed="1103894938" result="Passed" start-time="2026-08-22 09:21:00Z" end-time="2026-08-22 09:21:00Z" duration="0.001244" asserts="0">
              <properties>
                <property name="retryIteration" value="0" />
                <property name="repeatIteration" value="0" />
              </properties>
            </test-case>
            <test-case id="1116" name="TerrainColorsAndVegetationUseTheSameSurfaceField" fullname="Steppe.Tests.TerrainGenerationTests.TerrainColorsAndVegetationUseTheSameSurfaceField" methodname="TerrainColorsAndVegetationUseTheSameSurfaceField" classname="Steppe.Tests.TerrainGenerationTests" runstate="Runnable" seed="1508047018" result="Passed" start-time="2026-08-22 09:21:00Z" end-time="2026-08-22 09:21:00Z" duration="0.117238" asserts="0">
              <properties>
                <property name="retryIteration" value="0" />
                <property name="repeatIteration" value="0" />
              </properties>
            </test-case>
          </test-suite>
          <test-suite type="TestFixture" id="1120" name="TimeSimulationTests" fullname="Steppe.Tests.TimeSimulationTests" classname="Steppe.Tests.TimeSimulationTests" runstate="Runnable" testcasecount="7" result="Passed" start-time="2026-08-22 09:21:00Z" end-time="2026-08-22 09:21:00Z" duration="0.007377" total="7" passed="7" failed="0" inconclusive="0" skipped="0" asserts="0">
            <properties />
            <test-case id="1124" name="CanonicalClockUsesCoreCalendarAndSeason" fullname="Steppe.Tests.TimeSimulationTests.CanonicalClockUsesCoreCalendarAndSeason" methodname="CanonicalClockUsesCoreCalendarAndSeason" classname="Steppe.Tests.TimeSimulationTests" runstate="Runnable" seed="2144830258" result="Passed" start-time="2026-08-22 09:21:00Z" end-time="2026-08-22 09:21:00Z" duration="0.001133" asserts="0">
              <properties>
                <property name="retryIteration" value="0" />
                <property name="repeatIteration" value="0" />
              </properties>
            </test-case>
            <test-case id="1125" name="CanonicalRuntimeClockPreservesSubHourTime" fullname="Steppe.Tests.TimeSimulationTests.CanonicalRuntimeClockPreservesSubHourTime" methodname="CanonicalRuntimeClockPreservesSubHourTime" classname="Steppe.Tests.TimeSimulationTests" runstate="Runnable" seed="1765452337" result="Passed" start-time="2026-08-22 09:21:00Z" end-time="2026-08-22 09:21:00Z" duration="0.000588" asserts="0">
              <properties>
                <property name="retryIteration" value="0" />
                <property name="repeatIteration" value="0" />
              </properties>
            </test-case>
            <test-case id="1127" name="ClearSkyTemperaturePeaksAfterSolarNoonWithoutChangingBiome" fullname="Steppe.Tests.TimeSimulationTests.ClearSkyTemperaturePeaksAfterSolarNoonWithoutChangingBiome" methodname="ClearSkyTemperaturePeaksAfterSolarNoonWithoutChangingBiome" classname="Steppe.Tests.TimeSimulationTests" runstate="Runnable" seed="886724801" result="Passed" start-time="2026-08-22 09:21:00Z" end-time="2026-08-22 09:21:00Z" duration="0.000704" asserts="0">
              <properties>
                <property name="retryIteration" value="0" />
                <property name="repeatIteration" value="0" />
              </properties>
            </test-case>
            <test-case id="1121" name="ClockAdvancesDaysAndWrapsTheLongYearDeterministically" fullname="Steppe.Tests.TimeSimulationTests.ClockAdvancesDaysAndWrapsTheLongYearDeterministically" methodname="ClockAdvancesDaysAndWrapsTheLongYearDeterministically" classname="Steppe.Tests.TimeSimulationTests" runstate="Runnable" seed="913321559" result="Passed" start-time="2026-08-22 09:21:00Z" end-time="2026-08-22 09:21:00Z" duration="0.001027" asserts="0">
              <properties>
                <property name="retryIteration" value="0" />
                <property name="repeatIteration" value="0" />
              </properties>
            </test-case>
            <test-case id="1122" name="FourSeasonWindowsEachSpanFifteenDays" fullname="Steppe.Tests.TimeSimulationTests.FourSeasonWindowsEachSpanFifteenDays" methodname="FourSeasonWindowsEachSpanFifteenDays" classname="Steppe.Tests.TimeSimulationTests" runstate="Runnable" seed="1479759797" result="Passed" start-time="2026-08-22 09:21:00Z" end-time="2026-08-22 09:21:00Z" duration="0.000580" asserts="0">
              <properties>
                <property name="retryIteration" value="0" />
                <property name="repeatIteration" value="0" />
              </properties>
            </test-case>
            <test-case id="1123" name="RuntimeClockStartsAtNormalSpeed" fullname="Steppe.Tests.TimeSimulationTests.RuntimeClockStartsAtNormalSpeed" methodname="RuntimeClockStartsAtNormalSpeed" classname="Steppe.Tests.TimeSimulationTests" runstate="Runnable" seed="893384410" result="Passed" start-time="2026-08-22 09:21:00Z" end-time="2026-08-22 09:21:00Z" duration="0.000645" asserts="0">
              <properties>
                <property name="retryIteration" value="0" />
                <property name="repeatIteration" value="0" />
              </properties>
            </test-case>
            <test-case id="1126" name="SunIsAboveTheHorizonAtNoonAndBelowItAtMidnight" fullname="Steppe.Tests.TimeSimulationTests.SunIsAboveTheHorizonAtNoonAndBelowItAtMidnight" methodname="SunIsAboveTheHorizonAtNoonAndBelowItAtMidnight" classname="Steppe.Tests.TimeSimulationTests" runstate="Runnable" seed="1801834938" result="Passed" start-time="2026-08-22 09:21:00Z" end-time="2026-08-22 09:21:00Z" duration="0.000929" asserts="0">
              <properties>
                <property name="retryIteration" value="0" />
                <property name="repeatIteration" value="0" />
              </properties>
            </test-case>
          </test-suite>
          <test-suite type="TestFixture" id="1128" name="WeatherSimulationTests" fullname="Steppe.Tests.WeatherSimulationTests" classname="Steppe.Tests.WeatherSimulationTests" runstate="Runnable" testcasecount="13" result="Passed" start-time="2026-08-22 09:21:00Z" end-time="2026-08-22 09:21:00Z" duration="0.014315" total="13" passed="13" failed="0" inconclusive="0" skipped="0" asserts="0">
            <properties />
            <test-case id="1132" name="CloudAndSurfaceWindRemainRelatedButDistinct" fullname="Steppe.Tests.WeatherSimulationTests.CloudAndSurfaceWindRemainRelatedButDistinct" methodname="CloudAndSurfaceWindRemainRelatedButDistinct" classname="Steppe.Tests.WeatherSimulationTests" runstate="Runnable" seed="1567023588" result="Passed" start-time="2026-08-22 09:21:00Z" end-time="2026-08-22 09:21:00Z" duration="0.003501" asserts="0">
              <properties>
                <property name="retryIteration" value="0" />
                <property name="repeatIteration" value="0" />
              </properties>
            </test-case>
            <test-case id="1133" name="CompleteWeatherPatternAdvectsWithIntegratedCloudWind" fullname="Steppe.Tests.WeatherSimulationTests.CompleteWeatherPatternAdvectsWithIntegratedCloudWind" methodname="CompleteWeatherPatternAdvectsWithIntegratedCloudWind" classname="Steppe.Tests.WeatherSimulationTests" runstate="Runnable" seed="1754107595" result="Passed" start-time="2026-08-22 09:21:00Z" end-time="2026-08-22 09:21:00Z" duration="0.001422" asserts="0">
              <properties>
                <property name="retryIteration" value="0" />
                <property name="repeatIteration" value="0" />
              </properties>
            </test-case>
            <test-case id="1139" name="CoverageNeverFallsIntoAWorldWideClearBandBetweenFronts" fullname="Steppe.Tests.WeatherSimulationTests.CoverageNeverFallsIntoAWorldWideClearBandBetweenFronts" methodname="CoverageNeverFallsIntoAWorldWideClearBandBetweenFronts" classname="Steppe.Tests.WeatherSimulationTests" runstate="Runnable" seed="1129879727" result="Passed" start-time="2026-08-22 09:21:00Z" end-time="2026-08-22 09:21:00Z" duration="0.000675" asserts="0">
              <properties>
                <property name="retryIteration" value="0" />
                <property name="repeatIteration" value="0" />
              </properties>
            </test-case>
            <test-case id="1137" name="FrontBuildsABroadRainCoreAndDrainsBeforeCloudCoverClears" fullname="Steppe.Tests.WeatherSimulationTests.FrontBuildsABroadRainCoreAndDrainsBeforeCloudCoverClears" methodname="FrontBuildsABroadRainCoreAndDrainsBeforeCloudCoverClears" classname="Steppe.Tests.WeatherSimulationTests" runstate="Runnable" seed="1972940301" result="Passed" start-time="2026-08-22 09:21:00Z" end-time="2026-08-22 09:21:00Z" duration="0.000761" asserts="0">
              <properties>
                <property name="retryIteration" value="0" />
                <property name="repeatIteration" value="0" />
              </properties>
            </test-case>
            <test-case id="1141" name="OnlyOneWetFrontCanOccupyTheVisibleCloudHorizon" fullname="Steppe.Tests.WeatherSimulationTests.OnlyOneWetFrontCanOccupyTheVisibleCloudHorizon" methodname="OnlyOneWetFrontCanOccupyTheVisibleCloudHorizon" classname="Steppe.Tests.WeatherSimulationTests" runstate="Runnable" seed="216885066" result="Passed" start-time="2026-08-22 09:21:00Z" end-time="2026-08-22 09:21:00Z" duration="0.000370" asserts="0">
              <properties>
                <property name="retryIteration" value="0" />
                <property name="repeatIteration" value="0" />
              </properties>
            </test-case>
            <test-case id="1138" name="RainBelongsToAContinuousFrontInsteadOfAnIsolatedSample" fullname="Steppe.Tests.WeatherSimulationTests.RainBelongsToAContinuousFrontInsteadOfAnIsolatedSample" methodname="RainBelongsToAContinuousFrontInsteadOfAnIsolatedSample" classname="Steppe.Tests.WeatherSimulationTests" runstate="Runnable" seed="492336361" result="Passed" start-time="2026-08-22 09:21:00Z" end-time="2026-08-22 09:21:00Z" duration="0.000548" asserts="0">
              <properties>
                <property name="retryIteration" value="0" />
                <property name="repeatIteration" value="0" />
              </properties>
            </test-case>
            <test-case id="1136" name="SuccessiveFrontsKeepReturningAlongTheWindAxis" fullname="Steppe.Tests.WeatherSimulationTests.SuccessiveFrontsKeepReturningAlongTheWindAxis" methodname="SuccessiveFrontsKeepReturningAlongTheWindAxis" classname="Steppe.Tests.WeatherSimulationTests" runstate="Runnable" seed="80288924" result="Passed" start-time="2026-08-22 09:21:00Z" end-time="2026-08-22 09:21:00Z" duration="0.000444" asserts="0">
              <properties>
                <property name="retryIteration" value="0" />
                <property name="repeatIteration" value="0" />
              </properties>
            </test-case>
            <test-case id="1140" name="WeatherMapAlwaysCoversTheStreamedTerrainDiameter" fullname="Steppe.Tests.WeatherSimulationTests.WeatherMapAlwaysCoversTheStreamedTerrainDiameter" methodname="WeatherMapAlwaysCoversTheStreamedTerrainDiameter" classname="Steppe.Tests.WeatherSimulationTests" runstate="Runnable" seed="478858496" result="Passed" start-time="2026-08-22 09:21:00Z" end-time="2026-08-22 09:21:00Z" duration="0.000361" asserts="0">
              <properties>
                <property name="retryIteration" value="0" />
                <property name="repeatIteration" value="0" />
              </properties>
            </test-case>
            <test-case id="1129" name="WeatherTimeIsDerivedFromTheCanonicalSimulationClock" fullname="Steppe.Tests.WeatherSimulationTests.WeatherTimeIsDerivedFromTheCanonicalSimulationClock" methodname="WeatherTimeIsDerivedFromTheCanonicalSimulationClock" classname="Steppe.Tests.WeatherSimulationTests" runstate="Runnable" seed="1121487249" result="Passed" start-time="2026-08-22 09:21:00Z" end-time="2026-08-22 09:21:00Z" duration="0.000479" asserts="0">
              <properties>
                <property name="retryIteration" value="0" />
                <property name="repeatIteration" value="0" />
              </properties>
            </test-case>
            <test-case id="1130" name="WeatherTimeIsIndependentOfSimulationAdvanceCadence" fullname="Steppe.Tests.WeatherSimulationTests.WeatherTimeIsIndependentOfSimulationAdvanceCadence" methodname="WeatherTimeIsIndependentOfSimulationAdvanceCadence" classname="Steppe.Tests.WeatherSimulationTests" runstate="Runnable" seed="1555359475" result="Passed" start-time="2026-08-22 09:21:00Z" end-time="2026-08-22 09:21:00Z" duration="0.000294" asserts="0">
              <properties>
                <property name="retryIteration" value="0" />
                <property name="repeatIteration" value="0" />
              </properties>
            </test-case>
            <test-case id="1134" name="WetFrontLeadingEdgeAddsALocalSurfaceGust" fullname="Steppe.Tests.WeatherSimulationTests.WetFrontLeadingEdgeAddsALocalSurfaceGust" methodname="WetFrontLeadingEdgeAddsALocalSurfaceGust" classname="Steppe.Tests.WeatherSimulationTests" runstate="Runnable" seed="1095043043" result="Passed" start-time="2026-08-22 09:21:00Z" end-time="2026-08-22 09:21:00Z" duration="0.000825" asserts="0">
              <properties>
                <property name="retryIteration" value="0" />
                <property name="repeatIteration" value="0" />
              </properties>
            </test-case>
            <test-case id="1135" name="WetFrontProducesRainWhileTheInterfrontSkyRemainsCloudyButDrier" fullname="Steppe.Tests.WeatherSimulationTests.WetFrontProducesRainWhileTheInterfrontSkyRemainsCloudyButDrier" methodname="WetFrontProducesRainWhileTheInterfrontSkyRemainsCloudyButDrier" classname="Steppe.Tests.WeatherSimulationTests" runstate="Runnable" seed="512573725" result="Passed" start-time="2026-08-22 09:21:00Z" end-time="2026-08-22 09:21:00Z" duration="0.000809" asserts="0">
              <properties>
                <property name="retryIteration" value="0" />
                <property name="repeatIteration" value="0" />
              </properties>
            </test-case>
            <test-case id="1131" name="WindRegimesAreDeterministicSmoothAndActuallyChange" fullname="Steppe.Tests.WeatherSimulationTests.WindRegimesAreDeterministicSmoothAndActuallyChange" methodname="WindRegimesAreDeterministicSmoothAndActuallyChange" classname="Steppe.Tests.WeatherSimulationTests" runstate="Runnable" seed="1569315129" result="Passed" start-time="2026-08-22 09:21:00Z" end-time="2026-08-22 09:21:00Z" duration="0.001036" asserts="0">
              <properties>
                <property name="retryIteration" value="0" />
                <property name="repeatIteration" value="0" />
              </properties>
            </test-case>
          </test-suite>
          <test-suite type="TestFixture" id="1142" name="WorldSimulationBridgeTests" fullname="Steppe.Tests.WorldSimulationBridgeTests" classname="Steppe.Tests.WorldSimulationBridgeTests" runstate="Runnable" testcasecount="7" result="Passed" start-time="2026-08-22 09:21:00Z" end-time="2026-08-22 09:21:00Z" duration="0.005293" total="7" passed="7" failed="0" inconclusive="0" skipped="0" asserts="0">
            <properties />
            <test-case id="1145" name="CoordinateMapper_ProvidesContinuousCellCentreBlending" fullname="Steppe.Tests.WorldSimulationBridgeTests.CoordinateMapper_ProvidesContinuousCellCentreBlending" methodname="CoordinateMapper_ProvidesContinuousCellCentreBlending" classname="Steppe.Tests.WorldSimulationBridgeTests" runstate="Runnable" seed="1567658812" result="Passed" start-time="2026-08-22 09:21:00Z" end-time="2026-08-22 09:21:00Z" duration="0.000970" asserts="0">
              <properties>
                <property name="retryIteration" value="0" />
                <property name="repeatIteration" value="0" />
              </properties>
            </test-case>
            <test-case id="1143" name="CoordinateMapper_RoundTripsEveryCornerCell" fullname="Steppe.Tests.WorldSimulationBridgeTests.CoordinateMapper_RoundTripsEveryCornerCell" methodname="CoordinateMapper_RoundTripsEveryCornerCell" classname="Steppe.Tests.WorldSimulationBridgeTests" runstate="Runnable" seed="215304579" result="Passed" start-time="2026-08-22 09:21:00Z" end-time="2026-08-22 09:21:00Z" duration="0.000435" asserts="0">
              <properties>
                <property name="retryIteration" value="0" />
                <property name="repeatIteration" value="0" />
              </properties>
            </test-case>
            <test-case id="1144" name="CoordinateMapper_UsesFiniteHalfOpenBounds" fullname="Steppe.Tests.WorldSimulationBridgeTests.CoordinateMapper_UsesFiniteHalfOpenBounds" methodname="CoordinateMapper_UsesFiniteHalfOpenBounds" classname="Steppe.Tests.WorldSimulationBridgeTests" runstate="Runnable" seed="1271550982" result="Passed" start-time="2026-08-22 09:21:00Z" end-time="2026-08-22 09:21:00Z" duration="0.000251" asserts="0">
              <properties>
                <property name="retryIteration" value="0" />
                <property name="repeatIteration" value="0" />
              </properties>
            </test-case>
            <test-case id="1149" name="EnvironmentAdapter_ConvertsPhysicalEcologyWithoutChangingRatios" fullname="Steppe.Tests.WorldSimulationBridgeTests.EnvironmentAdapter_ConvertsPhysicalEcologyWithoutChangingRatios" methodname="EnvironmentAdapter_ConvertsPhysicalEcologyWithoutChangingRatios" classname="Steppe.Tests.WorldSimulationBridgeTests" runstate="Runnable" seed="874254053" result="Passed" start-time="2026-08-22 09:21:00Z" end-time="2026-08-22 09:21:00Z" duration="0.000578" asserts="0">
              <properties>
                <property name="retryIteration" value="0" />
                <property name="repeatIteration" value="0" />
              </properties>
            </test-case>
            <test-case id="1148" name="EnvironmentAdapter_ConvertsPhysicalWeatherUnits" fullname="Steppe.Tests.WorldSimulationBridgeTests.EnvironmentAdapter_ConvertsPhysicalWeatherUnits" methodname="EnvironmentAdapter_ConvertsPhysicalWeatherUnits" classname="Steppe.Tests.WorldSimulationBridgeTests" runstate="Runnable" seed="1017804561" result="Passed" start-time="2026-08-22 09:21:00Z" end-time="2026-08-22 09:21:00Z" duration="0.000666" asserts="0">
              <properties>
                <property name="retryIteration" value="0" />
                <property name="repeatIteration" value="0" />
              </properties>
            </test-case>
            <test-case id="1146" name="LocalField_IsDeterministicAndContinuousWithinAMacroCell" fullname="Steppe.Tests.WorldSimulationBridgeTests.LocalField_IsDeterministicAndContinuousWithinAMacroCell" methodname="LocalField_IsDeterministicAndContinuousWithinAMacroCell" classname="Steppe.Tests.WorldSimulationBridgeTests" runstate="Runnable" seed="1013761592" result="Passed" start-time="2026-08-22 09:21:00Z" end-time="2026-08-22 09:21:00Z" duration="0.000516" asserts="0">
              <properties>
                <property name="retryIteration" value="0" />
                <property name="repeatIteration" value="0" />
              </properties>
            </test-case>
            <test-case id="1147" name="UnityFactory_CreatesValidatedCoreConfiguration" fullname="Steppe.Tests.WorldSimulationBridgeTests.UnityFactory_CreatesValidatedCoreConfiguration" methodname="UnityFactory_CreatesValidatedCoreConfiguration" classname="Steppe.Tests.WorldSimulationBridgeTests" runstate="Runnable" seed="1490228005" result="Passed" start-time="2026-08-22 09:21:00Z" end-time="2026-08-22 09:21:00Z" duration="0.000545" asserts="0">
              <properties>
                <property name="retryIteration" value="0" />
                <property name="repeatIteration" value="0" />
              </properties>
              <output><![CDATA[Saving results to: C:/Users/Kirill/AppData/LocalLow/DefaultCompany/Steppe\TestResults.xml
]]></output>
            </test-case>
          </test-suite>
        </test-suite>
      </test-suite>
    </test-suite>
  </test-suite>
</test-run>