<?xml version="1.0" encoding="utf-8"?>
<test-run id="2" testcasecount="8" result="Passed" total="8" passed="8" failed="0" inconclusive="0" skipped="0" asserts="0" engine-version="3.5.0.0" clr-version="4.0.30319.42000" start-time="2026-08-25 19:17:25Z" end-time="2026-08-25 19:17:25Z" duration="0.088978">
  <test-suite type="TestSuite" id="1000" name="Steppe" fullname="Steppe" runstate="Runnable" testcasecount="146" result="Passed" start-time="2026-08-25 19:17:25Z" end-time="2026-08-25 19:17:25Z" duration="0.088978" total="8" passed="8" failed="0" inconclusive="0" skipped="0" asserts="0">
    <properties>
      <property name="platform" value="EditMode" />
    </properties>
    <test-suite type="Assembly" id="1161" name="Steppe.Tests.EditMode.dll" fullname="C:/Projects/Steppe/Steppe/Library/ScriptAssemblies/Steppe.Tests.EditMode.dll" runstate="Runnable" testcasecount="146" result="Passed" start-time="2026-08-25 19:17:25Z" end-time="2026-08-25 19:17:25Z" duration="0.080239" total="8" passed="8" failed="0" inconclusive="0" skipped="0" asserts="0">
      <properties>
        <property name="_PID" value="16744" />
        <property name="_APPDOMAIN" value="Unity Child Domain" />
        <property name="platform" value="EditMode" />
        <property name="EditorOnly" value="True" />
      </properties>
      <test-suite type="TestSuite" id="1162" name="Steppe" fullname="Steppe" runstate="Runnable" testcasecount="146" result="Passed" start-time="2026-08-25 19:17:25Z" end-time="2026-08-25 19:17:25Z" duration="0.077405" total="8" passed="8" failed="0" inconclusive="0" skipped="0" asserts="0">
        <properties />
        <test-suite type="TestSuite" id="1163" name="Tests" fullname="Steppe.Tests" runstate="Runnable" testcasecount="146" result="Passed" start-time="2026-08-25 19:17:25Z" end-time="2026-08-25 19:17:25Z" duration="0.074327" total="8" passed="8" failed="0" inconclusive="0" skipped="0" asserts="0">
          <properties />
          <test-suite type="TestFixture" id="1109" name="NaturalVisualCatalogTests" fullname="Steppe.Tests.NaturalVisualCatalogTests" classname="Steppe.Tests.NaturalVisualCatalogTests" runstate="Runnable" testcasecount="8" result="Passed" start-time="2026-08-25 19:17:25Z" end-time="2026-08-25 19:17:25Z" duration="0.070311" total="8" passed="8" failed="0" inconclusive="0" skipped="0" asserts="0">
            <properties />
            <test-case id="1114" name="DrainageTopologyPreservesDirectionAndBuildsRealConfluences" fullname="Steppe.Tests.NaturalVisualCatalogTests.DrainageTopologyPreservesDirectionAndBuildsRealConfluences" methodname="DrainageTopologyPreservesDirectionAndBuildsRealConfluences" classname="Steppe.Tests.NaturalVisualCatalogTests" runstate="Runnable" seed="1229158180" result="Passed" start-time="2026-08-25 19:17:25Z" end-time="2026-08-25 19:17:25Z" duration="0.014885" asserts="0">
              <properties>
                <property name="retryIteration" value="0" />
                <property name="repeatIteration" value="0" />
              </properties>
            </test-case>
            <test-case id="1117" name="EveryGroundDetailKindBuildsNonEmptyUniqueTopology" fullname="Steppe.Tests.NaturalVisualCatalogTests.EveryGroundDetailKindBuildsNonEmptyUniqueTopology" methodname="EveryGroundDetailKindBuildsNonEmptyUniqueTopology" classname="Steppe.Tests.NaturalVisualCatalogTests" runstate="Runnable" seed="680334660" result="Passed" start-time="2026-08-25 19:17:25Z" end-time="2026-08-25 19:17:25Z" duration="0.013061" asserts="0">
              <properties>
                <property name="retryIteration" value="0" />
                <property name="repeatIteration" value="0" />
              </properties>
            </test-case>
            <test-case id="1110" name="EveryStateOwnsOneUniqueNaturalVisualChannel" fullname="Steppe.Tests.NaturalVisualCatalogTests.EveryStateOwnsOneUniqueNaturalVisualChannel" methodname="EveryStateOwnsOneUniqueNaturalVisualChannel" classname="Steppe.Tests.NaturalVisualCatalogTests" runstate="Runnable" seed="334811936" result="Passed" start-time="2026-08-25 19:17:25Z" end-time="2026-08-25 19:17:25Z" duration="0.015855" asserts="0">
              <properties>
                <property name="retryIteration" value="0" />
                <property name="repeatIteration" value="0" />
              </properties>
            </test-case>
            <test-case id="1116" name="GroundDetailsUseElevenUniqueGeometryLanguagesAndCorrectOwners" fullname="Steppe.Tests.NaturalVisualCatalogTests.GroundDetailsUseElevenUniqueGeometryLanguagesAndCorrectOwners" methodname="GroundDetailsUseElevenUniqueGeometryLanguagesAndCorrectOwners" classname="Steppe.Tests.NaturalVisualCatalogTests" runstate="Runnable" seed="805824755" result="Passed" start-time="2026-08-25 19:17:25Z" end-time="2026-08-25 19:17:25Z" duration="0.004326" asserts="0">
              <properties>
                <property name="retryIteration" value="0" />
                <property name="repeatIteration" value="0" />
              </properties>
            </test-case>
            <test-case id="1113" name="RawPackingPreservesPhysicalUnitsAndSanitizesNonFiniteValues" fullname="Steppe.Tests.NaturalVisualCatalogTests.RawPackingPreservesPhysicalUnitsAndSanitizesNonFiniteValues" methodname="RawPackingPreservesPhysicalUnitsAndSanitizesNonFiniteValues" classname="Steppe.Tests.NaturalVisualCatalogTests" runstate="Runnable" seed="2016996928" result="Passed" start-time="2026-08-25 19:17:25Z" end-time="2026-08-25 19:17:25Z" duration="0.000491" asserts="0">
              <properties>
                <property name="retryIteration" value="0" />
                <property name="repeatIteration" value="0" />
              </properties>
            </test-case>
            <test-case id="1111" name="RootWaterExclusivelyOwnsSoilBaseAlbedo" fullname="Steppe.Tests.NaturalVisualCatalogTests.RootWaterExclusivelyOwnsSoilBaseAlbedo" methodname="RootWaterExclusivelyOwnsSoilBaseAlbedo" classname="Steppe.Tests.NaturalVisualCatalogTests" runstate="Runnable" seed="2080065277" result="Passed" start-time="2026-08-25 19:17:25Z" end-time="2026-08-25 19:17:25Z" duration="0.000833" asserts="0">
              <properties>
                <property name="retryIteration" value="0" />
                <property name="repeatIteration" value="0" />
              </properties>
            </test-case>
            <test-case id="1112" name="SemanticPacksContainEveryStateExactlyOnce" fullname="Steppe.Tests.NaturalVisualCatalogTests.SemanticPacksContainEveryStateExactlyOnce" methodname="SemanticPacksContainEveryStateExactlyOnce" classname="Steppe.Tests.NaturalVisualCatalogTests" runstate="Runnable" seed="403238202" result="Passed" start-time="2026-08-25 19:17:25Z" end-time="2026-08-25 19:17:25Z" duration="0.005009" asserts="0">
              <properties>
                <property name="retryIteration" value="0" />
                <property name="repeatIteration" value="0" />
              </properties>
            </test-case>
            <test-case id="1115" name="TerrainMaterialExposesNoSecondaryBaseColorControls" fullname="Steppe.Tests.NaturalVisualCatalogTests.TerrainMaterialExposesNoSecondaryBaseColorControls" methodname="TerrainMaterialExposesNoSecondaryBaseColorControls" classname="Steppe.Tests.NaturalVisualCatalogTests" runstate="Runnable" seed="892642828" result="Passed" start-time="2026-08-25 19:17:25Z" end-time="2026-08-25 19:17:25Z" duration="0.002090" asserts="0">
              <properties>
                <property name="retryIteration" value="0" />
                <property name="repeatIteration" value="0" />
              </properties>
              <output><![CDATA[Saving results to: C:/Users/Kirill/AppData/LocalLow/DefaultCompany/Steppe\TestResults.xml
]]></output>
            </test-case>
          </test-suite>
        </test-suite>
      </test-suite>
    </test-suite>
  </test-suite>
</test-run>