<?xml version="1.0" encoding="utf-8"?>
<test-run id="2" testcasecount="1" result="Passed" total="1" passed="1" failed="0" inconclusive="0" skipped="0" asserts="0" engine-version="3.5.0.0" clr-version="4.0.30319.42000" start-time="2026-08-26 07:52:46Z" end-time="2026-08-26 07:57:53Z" duration="307.581945">
  <test-suite type="TestSuite" id="1030" name="Steppe" fullname="Steppe" runstate="Runnable" testcasecount="19" result="Passed" start-time="2026-08-26 07:52:46Z" end-time="2026-08-26 07:57:53Z" duration="307.581945" total="1" passed="1" failed="0" inconclusive="0" skipped="0" asserts="0">
    <properties>
      <property name="platform" value="PlayMode" />
    </properties>
    <test-suite type="Assembly" id="1024" name="Steppe.Tests.PlayMode.dll" fullname="C:/Projects/Steppe/Steppe/Library/ScriptAssemblies/Steppe.Tests.PlayMode.dll" runstate="Runnable" testcasecount="19" result="Passed" start-time="2026-08-26 07:52:46Z" end-time="2026-08-26 07:57:53Z" duration="307.562754" total="1" passed="1" failed="0" inconclusive="0" skipped="0" asserts="0">
      <properties>
        <property name="_PID" value="22168" />
        <property name="_APPDOMAIN" value="Unity Child Domain" />
        <property name="platform" value="PlayMode" />
        <property name="EditorOnly" value="False" />
      </properties>
      <test-suite type="TestSuite" id="1025" name="Steppe" fullname="Steppe" runstate="Runnable" testcasecount="19" result="Passed" start-time="2026-08-26 07:52:46Z" end-time="2026-08-26 07:57:53Z" duration="307.550168" total="1" passed="1" failed="0" inconclusive="0" skipped="0" asserts="0">
        <properties />
        <test-suite type="TestSuite" id="1026" name="Tests" fullname="Steppe.Tests" runstate="Runnable" testcasecount="19" result="Passed" start-time="2026-08-26 07:52:46Z" end-time="2026-08-26 07:57:53Z" duration="307.506195" total="1" passed="1" failed="0" inconclusive="0" skipped="0" asserts="0">
          <properties />
          <test-suite type="TestFixture" id="1018" name="SteppeActiveProcessRegressionTests" fullname="Steppe.Tests.SteppeActiveProcessRegressionTests" classname="Steppe.Tests.SteppeActiveProcessRegressionTests" runstate="Runnable" testcasecount="1" result="Passed" start-time="2026-08-26 07:52:46Z" end-time="2026-08-26 07:57:53Z" duration="307.492255" total="1" passed="1" failed="0" inconclusive="0" skipped="0" asserts="0">
            <properties />
            <test-case id="1019" name="CapturesNaturallyEvolvedHydrologicalAndCloudProcesses" fullname="Steppe.Tests.SteppeActiveProcessRegressionTests.CapturesNaturallyEvolvedHydrologicalAndCloudProcesses" methodname="CapturesNaturallyEvolvedHydrologicalAndCloudProcesses" classname="Steppe.Tests.SteppeActiveProcessRegressionTests" runstate="Explicit" seed="435941820" result="Passed" start-time="2026-08-26 07:52:46Z" end-time="2026-08-26 07:57:53Z" duration="307.466955" asserts="0">
              <properties>
                <property name="_JOINTYPE" value="UnityCombinatorial" />
                <property name="Category" value="VisualRegression" />
                <property name="Timeout" value="1800000" />
                <property name="retryIteration" value="0" />
                <property name="repeatIteration" value="0" />
              </properties>
              <output><![CDATA[Saving results to: C:/Users/Kirill/AppData/LocalLow/DefaultCompany/Steppe\TestResults.xml
]]></output>
            </test-case>
          </test-suite>
        </test-suite>
      </test-suite>
    </test-suite>
  </test-suite>
</test-run>