<?xml version="1.0" encoding="utf-8"?>
<test-run id="2" testcasecount="1" result="Passed" total="1" passed="1" failed="0" inconclusive="0" skipped="0" asserts="0" engine-version="3.5.0.0" clr-version="4.0.30319.42000" start-time="2026-08-22 12:04:59Z" end-time="2026-08-22 12:05:00Z" duration="0.3714548">
  <test-suite type="TestSuite" id="1027" name="Steppe" fullname="Steppe" runstate="Runnable" testcasecount="17" result="Passed" start-time="2026-08-22 12:04:59Z" end-time="2026-08-22 12:05:00Z" duration="0.371455" total="1" passed="1" failed="0" inconclusive="0" skipped="0" asserts="0">
    <properties>
      <property name="platform" value="PlayMode" />
    </properties>
    <test-suite type="Assembly" id="1021" name="Steppe.Tests.PlayMode.dll" fullname="C:/Projects/Steppe/Steppe/Library/ScriptAssemblies/Steppe.Tests.PlayMode.dll" runstate="Runnable" testcasecount="17" result="Passed" start-time="2026-08-22 12:04:59Z" end-time="2026-08-22 12:05:00Z" duration="0.345822" total="1" passed="1" failed="0" inconclusive="0" skipped="0" asserts="0">
      <properties>
        <property name="_PID" value="5504" />
        <property name="_APPDOMAIN" value="Unity Child Domain" />
        <property name="platform" value="PlayMode" />
        <property name="EditorOnly" value="False" />
      </properties>
      <test-suite type="TestSuite" id="1022" name="Steppe" fullname="Steppe" runstate="Runnable" testcasecount="17" result="Passed" start-time="2026-08-22 12:04:59Z" end-time="2026-08-22 12:05:00Z" duration="0.313198" total="1" passed="1" failed="0" inconclusive="0" skipped="0" asserts="0">
        <properties />
        <test-suite type="TestSuite" id="1023" name="Tests" fullname="Steppe.Tests" runstate="Runnable" testcasecount="17" result="Passed" start-time="2026-08-22 12:04:59Z" end-time="2026-08-22 12:05:00Z" duration="0.294360" total="1" passed="1" failed="0" inconclusive="0" skipped="0" asserts="0">
          <properties />
          <test-suite type="TestFixture" id="1001" name="P0RuntimeSmokeTests" fullname="Steppe.Tests.P0RuntimeSmokeTests" classname="Steppe.Tests.P0RuntimeSmokeTests" runstate="Runnable" testcasecount="15" result="Passed" start-time="2026-08-22 12:04:59Z" end-time="2026-08-22 12:05:00Z" duration="0.260460" total="1" passed="1" failed="0" inconclusive="0" skipped="0" asserts="0">
            <properties />
            <test-case id="1004" name="PrototypeCreatesSteppeObserverAndCompleteSimulationVisualization" fullname="Steppe.Tests.P0RuntimeSmokeTests.PrototypeCreatesSteppeObserverAndCompleteSimulationVisualization" methodname="PrototypeCreatesSteppeObserverAndCompleteSimulationVisualization" classname="Steppe.Tests.P0RuntimeSmokeTests" runstate="Runnable" seed="257380951" result="Passed" start-time="2026-08-22 12:04:59Z" end-time="2026-08-22 12:05:00Z" duration="0.211291" asserts="0">
              <properties>
                <property name="_JOINTYPE" value="UnityCombinatorial" />
                <property name="Order" value="-90" />
                <property name="retryIteration" value="0" />
                <property name="repeatIteration" value="0" />
              </properties>
              <output><![CDATA[Saving results to: C:/Users/Kirill/AppData/LocalLow/DefaultCompany/Steppe\TestResults.xml
]]></output>
            </test-case>
          </test-suite>
        </test-suite>
      </test-suite>
    </test-suite>
  </test-suite>
</test-run>