<?xml version="1.0" encoding="utf-8"?>
<test-run id="2" testcasecount="7" result="Passed" total="7" passed="7" failed="0" inconclusive="0" skipped="0" asserts="0" engine-version="3.5.0.0" clr-version="4.0.30319.42000" start-time="2026-08-25 18:25:27Z" end-time="2026-08-25 18:25:27Z" duration="0.1793858">
  <test-suite type="TestSuite" id="1000" name="Steppe" fullname="Steppe" runstate="Runnable" testcasecount="145" result="Passed" start-time="2026-08-25 18:25:27Z" end-time="2026-08-25 18:25:27Z" duration="0.179386" total="7" passed="7" failed="0" inconclusive="0" skipped="0" asserts="0">
    <properties>
      <property name="platform" value="EditMode" />
    </properties>
    <test-suite type="Assembly" id="1160" name="Steppe.Tests.EditMode.dll" fullname="C:/Projects/Steppe/Steppe/Library/ScriptAssemblies/Steppe.Tests.EditMode.dll" runstate="Runnable" testcasecount="145" result="Passed" start-time="2026-08-25 18:25:27Z" end-time="2026-08-25 18:25:27Z" duration="0.163061" total="7" passed="7" failed="0" inconclusive="0" skipped="0" asserts="0">
      <properties>
        <property name="_PID" value="4168" />
        <property name="_APPDOMAIN" value="Unity Child Domain" />
        <property name="platform" value="EditMode" />
        <property name="EditorOnly" value="True" />
      </properties>
      <test-suite type="TestSuite" id="1161" name="Steppe" fullname="Steppe" runstate="Runnable" testcasecount="145" result="Passed" start-time="2026-08-25 18:25:27Z" end-time="2026-08-25 18:25:27Z" duration="0.159112" total="7" passed="7" failed="0" inconclusive="0" skipped="0" asserts="0">
        <properties />
        <test-suite type="TestSuite" id="1162" name="Tests" fullname="Steppe.Tests" runstate="Runnable" testcasecount="145" result="Passed" start-time="2026-08-25 18:25:27Z" end-time="2026-08-25 18:25:27Z" duration="0.156059" total="7" passed="7" failed="0" inconclusive="0" skipped="0" asserts="0">
          <properties />
          <test-suite type="TestFixture" id="1109" name="NaturalVisualCatalogTests" fullname="Steppe.Tests.NaturalVisualCatalogTests" classname="Steppe.Tests.NaturalVisualCatalogTests" runstate="Runnable" testcasecount="7" result="Passed" start-time="2026-08-25 18:25:27Z" end-time="2026-08-25 18:25:27Z" duration="0.151211" total="7" passed="7" failed="0" inconclusive="0" skipped="0" asserts="0">
            <properties />
            <test-case id="1116" name="EveryGroundDetailKindBuildsNonEmptyUniqueTopology" fullname="Steppe.Tests.NaturalVisualCatalogTests.EveryGroundDetailKindBuildsNonEmptyUniqueTopology" methodname="EveryGroundDetailKindBuildsNonEmptyUniqueTopology" classname="Steppe.Tests.NaturalVisualCatalogTests" runstate="Runnable" seed="829639776" result="Passed" start-time="2026-08-25 18:25:27Z" end-time="2026-08-25 18:25:27Z" duration="0.058483" asserts="0">
              <properties>
                <property name="retryIteration" value="0" />
                <property name="repeatIteration" value="0" />
              </properties>
            </test-case>
            <test-case id="1110" name="EveryStateOwnsOneUniqueNaturalVisualChannel" fullname="Steppe.Tests.NaturalVisualCatalogTests.EveryStateOwnsOneUniqueNaturalVisualChannel" methodname="EveryStateOwnsOneUniqueNaturalVisualChannel" classname="Steppe.Tests.NaturalVisualCatalogTests" runstate="Runnable" seed="2023249379" result="Passed" start-time="2026-08-25 18:25:27Z" end-time="2026-08-25 18:25:27Z" duration="0.030659" asserts="0">
              <properties>
                <property name="retryIteration" value="0" />
                <property name="repeatIteration" value="0" />
              </properties>
            </test-case>
            <test-case id="1115" name="GroundDetailsUseTenUniqueGeometryLanguagesAndCorrectOwners" fullname="Steppe.Tests.NaturalVisualCatalogTests.GroundDetailsUseTenUniqueGeometryLanguagesAndCorrectOwners" methodname="GroundDetailsUseTenUniqueGeometryLanguagesAndCorrectOwners" classname="Steppe.Tests.NaturalVisualCatalogTests" runstate="Runnable" seed="596425524" result="Passed" start-time="2026-08-25 18:25:27Z" end-time="2026-08-25 18:25:27Z" duration="0.011389" asserts="0">
              <properties>
                <property name="retryIteration" value="0" />
                <property name="repeatIteration" value="0" />
              </properties>
            </test-case>
            <test-case id="1113" name="RawPackingPreservesPhysicalUnitsAndSanitizesNonFiniteValues" fullname="Steppe.Tests.NaturalVisualCatalogTests.RawPackingPreservesPhysicalUnitsAndSanitizesNonFiniteValues" methodname="RawPackingPreservesPhysicalUnitsAndSanitizesNonFiniteValues" classname="Steppe.Tests.NaturalVisualCatalogTests" runstate="Runnable" seed="1816762258" result="Passed" start-time="2026-08-25 18:25:27Z" end-time="2026-08-25 18:25:27Z" duration="0.002506" asserts="0">
              <properties>
                <property name="retryIteration" value="0" />
                <property name="repeatIteration" value="0" />
              </properties>
            </test-case>
            <test-case id="1111" name="RootWaterExclusivelyOwnsSoilBaseAlbedo" fullname="Steppe.Tests.NaturalVisualCatalogTests.RootWaterExclusivelyOwnsSoilBaseAlbedo" methodname="RootWaterExclusivelyOwnsSoilBaseAlbedo" classname="Steppe.Tests.NaturalVisualCatalogTests" runstate="Runnable" seed="1461892420" result="Passed" start-time="2026-08-25 18:25:27Z" end-time="2026-08-25 18:25:27Z" duration="0.001526" asserts="0">
              <properties>
                <property name="retryIteration" value="0" />
                <property name="repeatIteration" value="0" />
              </properties>
            </test-case>
            <test-case id="1112" name="SemanticPacksContainEveryStateExactlyOnce" fullname="Steppe.Tests.NaturalVisualCatalogTests.SemanticPacksContainEveryStateExactlyOnce" methodname="SemanticPacksContainEveryStateExactlyOnce" classname="Steppe.Tests.NaturalVisualCatalogTests" runstate="Runnable" seed="1114709534" result="Passed" start-time="2026-08-25 18:25:27Z" end-time="2026-08-25 18:25:27Z" duration="0.010875" asserts="0">
              <properties>
                <property name="retryIteration" value="0" />
                <property name="repeatIteration" value="0" />
              </properties>
            </test-case>
            <test-case id="1114" name="TerrainMaterialExposesNoSecondaryBaseColorControls" fullname="Steppe.Tests.NaturalVisualCatalogTests.TerrainMaterialExposesNoSecondaryBaseColorControls" methodname="TerrainMaterialExposesNoSecondaryBaseColorControls" classname="Steppe.Tests.NaturalVisualCatalogTests" runstate="Runnable" seed="298213033" result="Passed" start-time="2026-08-25 18:25:27Z" end-time="2026-08-25 18:25:27Z" duration="0.005074" asserts="0">
              <properties>
                <property name="retryIteration" value="0" />
                <property name="repeatIteration" value="0" />
              </properties>
              <output><![CDATA[Saving results to: C:/Users/Kirill/AppData/LocalLow/DefaultCompany/Steppe\TestResults.xml
]]></output>
            </test-case>
          </test-suite>
        </test-suite>
      </test-suite>
    </test-suite>
  </test-suite>
</test-run>